<?xml version="1.0" encoding="UTF-8"?>
<testsuite xmlns:xsi="http://www.w3.org/2001/XMLSchema-instance" xsi:noNamespaceSchemaLocation="https://maven.apache.org/surefire/maven-failsafe-plugin/xsd/failsafe-test-report-3.0.xsd" version="3.0" name="POC Example - Get actions" time="3.106" tests="9" errors="0" skipped="0" failures="0">
  <properties>
    <property name="java.specification.version" value="17"/>
    <property name="sun.jnu.encoding" value="UTF-8"/>
    <property name="java.class.path" value="/Users/carlos.bautista/Documents/Disney/ESI-POC/target/test-classes:/Users/carlos.bautista/.m2/repository/ch/qos/logback/logback-classic/1.2.3/logback-classic-1.2.3.jar:/Users/carlos.bautista/.m2/repository/ch/qos/logback/logback-core/1.2.3/logback-core-1.2.3.jar:/Users/carlos.bautista/.m2/repository/org/slf4j/slf4j-api/1.7.25/slf4j-api-1.7.25.jar:/Users/carlos.bautista/.m2/repository/net/serenity-bdd/serenity-core/3.0.5/serenity-core-3.0.5.jar:/Users/carlos.bautista/.m2/repository/net/serenity-bdd/serenity-model/3.0.5/serenity-model-3.0.5.jar:/Users/carlos.bautista/.m2/repository/org/apache/commons/commons-text/1.9/commons-text-1.9.jar:/Users/carlos.bautista/.m2/repository/commons-net/commons-net/3.6/commons-net-3.6.jar:/Users/carlos.bautista/.m2/repository/com/google/guava/guava/31.0.1-jre/guava-31.0.1-jre.jar:/Users/carlos.bautista/.m2/repository/com/google/guava/failureaccess/1.0.1/failureaccess-1.0.1.jar:/Users/carlos.bautista/.m2/repository/com/google/guava/listenablefuture/9999.0-empty-to-avoid-conflict-with-guava/listenablefuture-9999.0-empty-to-avoid-conflict-with-guava.jar:/Users/carlos.bautista/.m2/repository/com/google/code/findbugs/jsr305/3.0.2/jsr305-3.0.2.jar:/Users/carlos.bautista/.m2/repository/org/checkerframework/checker-qual/3.12.0/checker-qual-3.12.0.jar:/Users/carlos.bautista/.m2/repository/com/google/errorprone/error_prone_annotations/2.7.1/error_prone_annotations-2.7.1.jar:/Users/carlos.bautista/.m2/repository/com/google/j2objc/j2objc-annotations/1.3/j2objc-annotations-1.3.jar:/Users/carlos.bautista/.m2/repository/com/google/inject/guice/5.0.1/guice-5.0.1.jar:/Users/carlos.bautista/.m2/repository/javax/inject/javax.inject/1/javax.inject-1.jar:/Users/carlos.bautista/.m2/repository/aopalliance/aopalliance/1.0/aopalliance-1.0.jar:/Users/carlos.bautista/.m2/repository/org/jsoup/jsoup/1.13.1/jsoup-1.13.1.jar:/Users/carlos.bautista/.m2/repository/com/thoughtworks/xstream/xstream/1.4.18/xstream-1.4.18.jar:/Users/carlos.bautista/.m2/repository/io/github/x-stream/mxparser/1.2.2/mxparser-1.2.2.jar:/Users/carlos.bautista/.m2/repository/xmlpull/xmlpull/1.1.3.1/xmlpull-1.1.3.1.jar:/Users/carlos.bautista/.m2/repository/io/cucumber/cucumber-core/6.11.0/cucumber-core-6.11.0.jar:/Users/carlos.bautista/.m2/repository/io/cucumber/cucumber-gherkin/6.11.0/cucumber-gherkin-6.11.0.jar:/Users/carlos.bautista/.m2/repository/io/cucumber/cucumber-gherkin-messages/6.11.0/cucumber-gherkin-messages-6.11.0.jar:/Users/carlos.bautista/.m2/repository/io/cucumber/messages/15.0.0/messages-15.0.0.jar:/Users/carlos.bautista/.m2/repository/io/cucumber/tag-expressions/3.0.1/tag-expressions-3.0.1.jar:/Users/carlos.bautista/.m2/repository/io/cucumber/cucumber-expressions/10.3.0/cucumber-expressions-10.3.0.jar:/Users/carlos.bautista/.m2/repository/io/cucumber/cucumber-plugin/6.11.0/cucumber-plugin-6.11.0.jar:/Users/carlos.bautista/.m2/repository/io/cucumber/docstring/6.11.0/docstring-6.11.0.jar:/Users/carlos.bautista/.m2/repository/io/cucumber/html-formatter/13.0.0/html-formatter-13.0.0.jar:/Users/carlos.bautista/.m2/repository/io/cucumber/create-meta/4.0.0/create-meta-4.0.0.jar:/Users/carlos.bautista/.m2/repository/com/typesafe/config/1.3.1/config-1.3.1.jar:/Users/carlos.bautista/.m2/repository/org/imgscalr/imgscalr-lib/4.2/imgscalr-lib-4.2.jar:/Users/carlos.bautista/.m2/repository/org/awaitility/awaitility/4.1.0/awaitility-4.1.0.jar:/Users/carlos.bautista/.m2/repository/org/freemarker/freemarker/2.3.31/freemarker-2.3.31.jar:/Users/carlos.bautista/.m2/repository/org/reflections/reflections/0.10.2/reflections-0.10.2.jar:/Users/carlos.bautista/.m2/repository/org/javassist/javassist/3.28.0-GA/javassist-3.28.0-GA.jar:/Users/carlos.bautista/.m2/repository/net/sourceforge/jexcelapi/jxl/2.6.12/jxl-2.6.12.jar:/Users/carlos.bautista/.m2/repository/org/asciidoctor/asciidoctorj/2.5.1/asciidoctorj-2.5.1.jar:/Users/carlos.bautista/.m2/repository/org/asciidoctor/asciidoctorj-api/2.5.1/asciidoctorj-api-2.5.1.jar:/Users/carlos.bautista/.m2/repository/org/jruby/jruby/9.2.17.0/jruby-9.2.17.0.jar:/Users/carlos.bautista/.m2/repository/org/jruby/jruby-core/9.2.17.0/jruby-core-9.2.17.0.jar:/Users/carlos.bautista/.m2/repository/com/github/jnr/jnr-netdb/1.2.0/jnr-netdb-1.2.0.jar:/Users/carlos.bautista/.m2/repository/com/github/jnr/jnr-enxio/0.32.3/jnr-enxio-0.32.3.jar:/Users/carlos.bautista/.m2/repository/com/github/jnr/jnr-unixsocket/0.38.5/jnr-unixsocket-0.38.5.jar:/Users/carlos.bautista/.m2/repository/com/github/jnr/jnr-posix/3.1.4/jnr-posix-3.1.4.jar:/Users/carlos.bautista/.m2/repository/com/github/jnr/jnr-constants/0.10.1/jnr-constants-0.10.1.jar:/Users/carlos.bautista/.m2/repository/com/github/jnr/jffi/1.3.1/jffi-1.3.1.jar:/Users/carlos.bautista/.m2/repository/com/github/jnr/jffi/1.3.1/jffi-1.3.1-native.jar:/Users/carlos.bautista/.m2/repository/org/jruby/joni/joni/2.1.31/joni-2.1.31.jar:/Users/carlos.bautista/.m2/repository/org/jruby/jcodings/jcodings/1.0.46/jcodings-1.0.46.jar:/Users/carlos.bautista/.m2/repository/org/jruby/dirgra/0.3/dirgra-0.3.jar:/Users/carlos.bautista/.m2/repository/com/headius/invokebinder/1.11/invokebinder-1.11.jar:/Users/carlos.bautista/.m2/repository/com/headius/options/1.4/options-1.4.jar:/Users/carlos.bautista/.m2/repository/com/jcraft/jzlib/1.1.3/jzlib-1.1.3.jar:/Users/carlos.bautista/.m2/repository/com/martiansoftware/nailgun-server/0.9.1/nailgun-server-0.9.1.jar:/Users/carlos.bautista/.m2/repository/com/headius/backport9/1.8/backport9-1.8.jar:/Users/carlos.bautista/.m2/repository/javax/annotation/javax.annotation-api/1.3.1/javax.annotation-api-1.3.1.jar:/Users/carlos.bautista/.m2/repository/org/jruby/jruby-stdlib/9.2.17.0/jruby-stdlib-9.2.17.0.jar:/Users/carlos.bautista/.m2/repository/net/bytebuddy/byte-buddy/1.11.22/byte-buddy-1.11.22.jar:/Users/carlos.bautista/.m2/repository/net/bytebuddy/byte-buddy-agent/1.11.22/byte-buddy-agent-1.11.22.jar:/Users/carlos.bautista/.m2/repository/org/objenesis/objenesis/3.1/objenesis-3.1.jar:/Users/carlos.bautista/.m2/repository/net/serenity-bdd/serenity-reports/3.0.5/serenity-reports-3.0.5.jar:/Users/carlos.bautista/.m2/repository/net/serenity-bdd/serenity-stats/3.0.5/serenity-stats-3.0.5.jar:/Users/carlos.bautista/.m2/repository/org/jetbrains/kotlin/kotlin-stdlib/1.5.31/kotlin-stdlib-1.5.31.jar:/Users/carlos.bautista/.m2/repository/org/jetbrains/annotations/13.0/annotations-13.0.jar:/Users/carlos.bautista/.m2/repository/org/jetbrains/kotlin/kotlin-stdlib-common/1.5.31/kotlin-stdlib-common-1.5.31.jar:/Users/carlos.bautista/.m2/repository/net/serenity-bdd/serenity-reports-configuration/3.0.5/serenity-reports-configuration-3.0.5.jar:/Users/carlos.bautista/.m2/repository/com/vladsch/flexmark/flexmark-all/0.34.30/flexmark-all-0.34.30.jar:/Users/carlos.bautista/.m2/repository/com/vladsch/flexmark/flexmark/0.34.30/flexmark-0.34.30.jar:/Users/carlos.bautista/.m2/repository/com/vladsch/flexmark/flexmark-ext-abbreviation/0.34.30/flexmark-ext-abbreviation-0.34.30.jar:/Users/carlos.bautista/.m2/repository/com/vladsch/flexmark/flexmark-ext-admonition/0.34.30/flexmark-ext-admonition-0.34.30.jar:/Users/carlos.bautista/.m2/repository/com/vladsch/flexmark/flexmark-ext-anchorlink/0.34.30/flexmark-ext-anchorlink-0.34.30.jar:/Users/carlos.bautista/.m2/repository/com/vladsch/flexmark/flexmark-ext-aside/0.34.30/flexmark-ext-aside-0.34.30.jar:/Users/carlos.bautista/.m2/repository/com/vladsch/flexmark/flexmark-ext-attributes/0.34.30/flexmark-ext-attributes-0.34.30.jar:/Users/carlos.bautista/.m2/repository/com/vladsch/flexmark/flexmark-ext-autolink/0.34.30/flexmark-ext-autolink-0.34.30.jar:/Users/carlos.bautista/.m2/repository/org/nibor/autolink/autolink/0.6.0/autolink-0.6.0.jar:/Users/carlos.bautista/.m2/repository/com/vladsch/flexmark/flexmark-ext-definition/0.34.30/flexmark-ext-definition-0.34.30.jar:/Users/carlos.bautista/.m2/repository/com/vladsch/flexmark/flexmark-ext-emoji/0.34.30/flexmark-ext-emoji-0.34.30.jar:/Users/carlos.bautista/.m2/repository/com/vladsch/flexmark/flexmark-ext-enumerated-reference/0.34.30/flexmark-ext-enumerated-reference-0.34.30.jar:/Users/carlos.bautista/.m2/repository/com/vladsch/flexmark/flexmark-ext-escaped-character/0.34.30/flexmark-ext-escaped-character-0.34.30.jar:/Users/carlos.bautista/.m2/repository/com/vladsch/flexmark/flexmark-ext-footnotes/0.34.30/flexmark-ext-footnotes-0.34.30.jar:/Users/carlos.bautista/.m2/repository/com/vladsch/flexmark/flexmark-ext-gfm-issues/0.34.30/flexmark-ext-gfm-issues-0.34.30.jar:/Users/carlos.bautista/.m2/repository/com/vladsch/flexmark/flexmark-ext-gfm-strikethrough/0.34.30/flexmark-ext-gfm-strikethrough-0.34.30.jar:/Users/carlos.bautista/.m2/repository/com/vladsch/flexmark/flexmark-ext-gfm-tables/0.34.30/flexmark-ext-gfm-tables-0.34.30.jar:/Users/carlos.bautista/.m2/repository/com/vladsch/flexmark/flexmark-ext-gfm-tasklist/0.34.30/flexmark-ext-gfm-tasklist-0.34.30.jar:/Users/carlos.bautista/.m2/repository/com/vladsch/flexmark/flexmark-ext-gfm-users/0.34.30/flexmark-ext-gfm-users-0.34.30.jar:/Users/carlos.bautista/.m2/repository/com/vladsch/flexmark/flexmark-ext-gitlab/0.34.30/flexmark-ext-gitlab-0.34.30.jar:/Users/carlos.bautista/.m2/repository/com/vladsch/flexmark/flexmark-ext-jekyll-front-matter/0.34.30/flexmark-ext-jekyll-front-matter-0.34.30.jar:/Users/carlos.bautista/.m2/repository/com/vladsch/flexmark/flexmark-ext-jekyll-tag/0.34.30/flexmark-ext-jekyll-tag-0.34.30.jar:/Users/carlos.bautista/.m2/repository/com/vladsch/flexmark/flexmark-ext-media-tags/0.34.30/flexmark-ext-media-tags-0.34.30.jar:/Users/carlos.bautista/.m2/repository/com/vladsch/flexmark/flexmark-test-util/0.34.30/flexmark-test-util-0.34.30.jar:/Users/carlos.bautista/.m2/repository/com/vladsch/flexmark/flexmark-ext-ins/0.34.30/flexmark-ext-ins-0.34.30.jar:/Users/carlos.bautista/.m2/repository/com/vladsch/flexmark/flexmark-ext-xwiki-macros/0.34.30/flexmark-ext-xwiki-macros-0.34.30.jar:/Users/carlos.bautista/.m2/repository/com/vladsch/flexmark/flexmark-ext-superscript/0.34.30/flexmark-ext-superscript-0.34.30.jar:/Users/carlos.bautista/.m2/repository/com/vladsch/flexmark/flexmark-ext-tables/0.34.30/flexmark-ext-tables-0.34.30.jar:/Users/carlos.bautista/.m2/repository/com/vladsch/flexmark/flexmark-ext-toc/0.34.30/flexmark-ext-toc-0.34.30.jar:/Users/carlos.bautista/.m2/repository/com/vladsch/flexmark/flexmark-ext-typographic/0.34.30/flexmark-ext-typographic-0.34.30.jar:/Users/carlos.bautista/.m2/repository/com/vladsch/flexmark/flexmark-ext-wikilink/0.34.30/flexmark-ext-wikilink-0.34.30.jar:/Users/carlos.bautista/.m2/repository/com/vladsch/flexmark/flexmark-ext-yaml-front-matter/0.34.30/flexmark-ext-yaml-front-matter-0.34.30.jar:/Users/carlos.bautista/.m2/repository/com/vladsch/flexmark/flexmark-ext-youtube-embedded/0.34.30/flexmark-ext-youtube-embedded-0.34.30.jar:/Users/carlos.bautista/.m2/repository/com/vladsch/flexmark/flexmark-formatter/0.34.30/flexmark-formatter-0.34.30.jar:/Users/carlos.bautista/.m2/repository/com/vladsch/flexmark/flexmark-html-parser/0.34.30/flexmark-html-parser-0.34.30.jar:/Users/carlos.bautista/.m2/repository/com/vladsch/flexmark/flexmark-jira-converter/0.34.30/flexmark-jira-converter-0.34.30.jar:/Users/carlos.bautista/.m2/repository/com/vladsch/flexmark/flexmark-pdf-converter/0.34.30/flexmark-pdf-converter-0.34.30.jar:/Users/carlos.bautista/.m2/repository/com/openhtmltopdf/openhtmltopdf-core/0.0.1-RC13/openhtmltopdf-core-0.0.1-RC13.jar:/Users/carlos.bautista/.m2/repository/com/openhtmltopdf/openhtmltopdf-pdfbox/0.0.1-RC13/openhtmltopdf-pdfbox-0.0.1-RC13.jar:/Users/carlos.bautista/.m2/repository/org/apache/pdfbox/pdfbox/2.0.8/pdfbox-2.0.8.jar:/Users/carlos.bautista/.m2/repository/org/apache/pdfbox/fontbox/2.0.8/fontbox-2.0.8.jar:/Users/carlos.bautista/.m2/repository/org/apache/pdfbox/xmpbox/2.0.8/xmpbox-2.0.8.jar:/Users/carlos.bautista/.m2/repository/de/rototor/pdfbox/graphics2d/0.12/graphics2d-0.12.jar:/Users/carlos.bautista/.m2/repository/com/openhtmltopdf/openhtmltopdf-rtl-support/0.0.1-RC13/openhtmltopdf-rtl-support-0.0.1-RC13.jar:/Users/carlos.bautista/.m2/repository/com/ibm/icu/icu4j/59.1/icu4j-59.1.jar:/Users/carlos.bautista/.m2/repository/com/openhtmltopdf/openhtmltopdf-jsoup-dom-converter/0.0.1-RC13/openhtmltopdf-jsoup-dom-converter-0.0.1-RC13.jar:/Users/carlos.bautista/.m2/repository/com/vladsch/flexmark/flexmark-profile-pegdown/0.34.30/flexmark-profile-pegdown-0.34.30.jar:/Users/carlos.bautista/.m2/repository/com/vladsch/flexmark/flexmark-util/0.34.30/flexmark-util-0.34.30.jar:/Users/carlos.bautista/.m2/repository/com/vladsch/flexmark/flexmark-youtrack-converter/0.34.30/flexmark-youtrack-converter-0.34.30.jar:/Users/carlos.bautista/.m2/repository/es/nitaur/markdown/txtmark/0.16/txtmark-0.16.jar:/Users/carlos.bautista/.m2/repository/net/serenity-bdd/serenity-report-resources/3.0.5/serenity-report-resources-3.0.5.jar:/Users/carlos.bautista/.m2/repository/com/google/code/gson/gson/2.8.8/gson-2.8.8.jar:/Users/carlos.bautista/.m2/repository/com/fasterxml/jackson/core/jackson-core/2.12.4/jackson-core-2.12.4.jar:/Users/carlos.bautista/.m2/repository/com/fasterxml/jackson/core/jackson-databind/2.12.4/jackson-databind-2.12.4.jar:/Users/carlos.bautista/.m2/repository/com/fasterxml/jackson/core/jackson-annotations/2.12.4/jackson-annotations-2.12.4.jar:/Users/carlos.bautista/.m2/repository/commons-codec/commons-codec/1.15/commons-codec-1.15.jar:/Users/carlos.bautista/.m2/repository/commons-io/commons-io/2.8.0/commons-io-2.8.0.jar:/Users/carlos.bautista/.m2/repository/org/seleniumhq/selenium/selenium-server/3.141.59/selenium-server-3.141.59.jar:/Users/carlos.bautista/.m2/repository/org/seleniumhq/selenium/selenium-opera-driver/3.141.59/selenium-opera-driver-3.141.59.jar:/Users/carlos.bautista/.m2/repository/org/seleniumhq/selenium/selenium-remote-driver/3.141.59/selenium-remote-driver-3.141.59.jar:/Users/carlos.bautista/.m2/repository/org/seleniumhq/selenium/selenium-safari-driver/3.141.59/selenium-safari-driver-3.141.59.jar:/Users/carlos.bautista/.m2/repository/com/beust/jcommander/1.72/jcommander-1.72.jar:/Users/carlos.bautista/.m2/repository/org/apache/commons/commons-exec/1.3/commons-exec-1.3.jar:/Users/carlos.bautista/.m2/repository/net/jcip/jcip-annotations/1.0/jcip-annotations-1.0.jar:/Users/carlos.bautista/.m2/repository/org/seleniumhq/selenium/jetty-repacked/9.4.12.v20180830/jetty-repacked-9.4.12.v20180830.jar:/Users/carlos.bautista/.m2/repository/com/squareup/okhttp3/okhttp/3.11.0/okhttp-3.11.0.jar:/Users/carlos.bautista/.m2/repository/com/squareup/okio/okio/1.14.0/okio-1.14.0.jar:/Users/carlos.bautista/.m2/repository/javax/servlet/javax.servlet-api/3.1.0/javax.servlet-api-3.1.0.jar:/Users/carlos.bautista/.m2/repository/org/yaml/snakeyaml/1.19/snakeyaml-1.19.jar:/Users/carlos.bautista/.m2/repository/org/seleniumhq/selenium/selenium-java/3.141.59/selenium-java-3.141.59.jar:/Users/carlos.bautista/.m2/repository/org/seleniumhq/selenium/selenium-api/3.141.59/selenium-api-3.141.59.jar:/Users/carlos.bautista/.m2/repository/org/seleniumhq/selenium/selenium-support/3.141.59/selenium-support-3.141.59.jar:/Users/carlos.bautista/.m2/repository/org/seleniumhq/selenium/selenium-chrome-driver/3.141.59/selenium-chrome-driver-3.141.59.jar:/Users/carlos.bautista/.m2/repository/org/seleniumhq/selenium/selenium-firefox-driver/3.141.59/selenium-firefox-driver-3.141.59.jar:/Users/carlos.bautista/.m2/repository/org/seleniumhq/selenium/selenium-edge-driver/3.141.59/selenium-edge-driver-3.141.59.jar:/Users/carlos.bautista/.m2/repository/org/seleniumhq/selenium/selenium-ie-driver/3.141.59/selenium-ie-driver-3.141.59.jar:/Users/carlos.bautista/.m2/repository/net/sourceforge/htmlunit/htmlunit/2.47.1/htmlunit-2.47.1.jar:/Users/carlos.bautista/.m2/repository/xalan/xalan/2.7.2/xalan-2.7.2.jar:/Users/carlos.bautista/.m2/repository/xalan/serializer/2.7.2/serializer-2.7.2.jar:/Users/carlos.bautista/.m2/repository/net/sourceforge/htmlunit/htmlunit-core-js/2.47.0/htmlunit-core-js-2.47.0.jar:/Users/carlos.bautista/.m2/repository/net/sourceforge/htmlunit/neko-htmlunit/2.47.1/neko-htmlunit-2.47.1.jar:/Users/carlos.bautista/.m2/repository/xerces/xercesImpl/2.12.0/xercesImpl-2.12.0.jar:/Users/carlos.bautista/.m2/repository/xml-apis/xml-apis/1.4.01/xml-apis-1.4.01.jar:/Users/carlos.bautista/.m2/repository/net/sourceforge/htmlunit/htmlunit-cssparser/1.7.0/htmlunit-cssparser-1.7.0.jar:/Users/carlos.bautista/.m2/repository/org/brotli/dec/0.1.2/dec-0.1.2.jar:/Users/carlos.bautista/.m2/repository/com/shapesecurity/salvation2/3.0.0/salvation2-3.0.0.jar:/Users/carlos.bautista/.m2/repository/org/eclipse/jetty/websocket/websocket-client/9.4.36.v20210114/websocket-client-9.4.36.v20210114.jar:/Users/carlos.bautista/.m2/repository/org/eclipse/jetty/jetty-client/9.4.36.v20210114/jetty-client-9.4.36.v20210114.jar:/Users/carlos.bautista/.m2/repository/org/eclipse/jetty/jetty-http/9.4.36.v20210114/jetty-http-9.4.36.v20210114.jar:/Users/carlos.bautista/.m2/repository/org/eclipse/jetty/jetty-util/9.4.36.v20210114/jetty-util-9.4.36.v20210114.jar:/Users/carlos.bautista/.m2/repository/org/eclipse/jetty/jetty-io/9.4.36.v20210114/jetty-io-9.4.36.v20210114.jar:/Users/carlos.bautista/.m2/repository/org/eclipse/jetty/websocket/websocket-common/9.4.36.v20210114/websocket-common-9.4.36.v20210114.jar:/Users/carlos.bautista/.m2/repository/org/eclipse/jetty/websocket/websocket-api/9.4.36.v20210114/websocket-api-9.4.36.v20210114.jar:/Users/carlos.bautista/.m2/repository/org/projectlombok/lombok/1.18.20/lombok-1.18.20.jar:/Users/carlos.bautista/.m2/repository/org/seleniumhq/selenium/htmlunit-driver/2.47.1/htmlunit-driver-2.47.1.jar:/Users/carlos.bautista/.m2/repository/com/codeborne/phantomjsdriver/1.4.4/phantomjsdriver-1.4.4.jar:/Users/carlos.bautista/.m2/repository/io/appium/java-client/7.5.1/java-client-7.5.1.jar:/Users/carlos.bautista/.m2/repository/commons-validator/commons-validator/1.7/commons-validator-1.7.jar:/Users/carlos.bautista/.m2/repository/commons-digester/commons-digester/2.1/commons-digester-2.1.jar:/Users/carlos.bautista/.m2/repository/org/aspectj/aspectjweaver/1.9.6/aspectjweaver-1.9.6.jar:/Users/carlos.bautista/.m2/repository/net/sf/opencsv/opencsv/2.0/opencsv-2.0.jar:/Users/carlos.bautista/.m2/repository/commons-beanutils/commons-beanutils/1.9.4/commons-beanutils-1.9.4.jar:/Users/carlos.bautista/.m2/repository/org/apache/commons/commons-lang3/3.11/commons-lang3-3.11.jar:/Users/carlos.bautista/.m2/repository/commons-collections/commons-collections/3.2.2/commons-collections-3.2.2.jar:/Users/carlos.bautista/.m2/repository/org/fluentlenium/fluentlenium-core/0.10.2/fluentlenium-core-0.10.2.jar:/Users/carlos.bautista/.m2/repository/io/github/bonigarcia/webdrivermanager/4.4.1/webdrivermanager-4.4.1.jar:/Users/carlos.bautista/.m2/repository/org/apache/httpcomponents/client5/httpclient5/5.0.3/httpclient5-5.0.3.jar:/Users/carlos.bautista/.m2/repository/org/apache/httpcomponents/core5/httpcore5/5.0.2/httpcore5-5.0.2.jar:/Users/carlos.bautista/.m2/repository/org/apache/httpcomponents/core5/httpcore5-h2/5.0.2/httpcore5-h2-5.0.2.jar:/Users/carlos.bautista/.m2/repository/org/rauschig/jarchivelib/1.1.0/jarchivelib-1.1.0.jar:/Users/carlos.bautista/.m2/repository/org/apache/commons/commons-compress/1.20/commons-compress-1.20.jar:/Users/carlos.bautista/.m2/repository/com/jhlabs/filters/2.0.235/filters-2.0.235.jar:/Users/carlos.bautista/.m2/repository/com/paulhammant/ngwebdriver/1.1.5/ngwebdriver-1.1.5.jar:/Users/carlos.bautista/.m2/repository/joda-time/joda-time/2.8.2/joda-time-2.8.2.jar:/Users/carlos.bautista/.m2/repository/com/google/jimfs/jimfs/1.1/jimfs-1.1.jar:/Users/carlos.bautista/.m2/repository/org/mockito/mockito-core/3.3.3/mockito-core-3.3.3.jar:/Users/carlos.bautista/.m2/repository/javax/xml/bind/jaxb-api/2.3.1/jaxb-api-2.3.1.jar:/Users/carlos.bautista/.m2/repository/javax/activation/javax.activation-api/1.2.0/javax.activation-api-1.2.0.jar:/Users/carlos.bautista/.m2/repository/com/sun/xml/bind/jaxb-core/2.3.0.1/jaxb-core-2.3.0.1.jar:/Users/carlos.bautista/.m2/repository/com/sun/xml/bind/jaxb-impl/2.3.3/jaxb-impl-2.3.3.jar:/Users/carlos.bautista/.m2/repository/com/sun/activation/jakarta.activation/1.2.2/jakarta.activation-1.2.2.jar:/Users/carlos.bautista/.m2/repository/javax/activation/activation/1.1.1/activation-1.1.1.jar:/Users/carlos.bautista/.m2/repository/net/serenity-bdd/serenity-junit/3.0.5/serenity-junit-3.0.5.jar:/Users/carlos.bautista/.m2/repository/net/serenity-bdd/serenity-rest-assured/3.0.5/serenity-rest-assured-3.0.5.jar:/Users/carlos.bautista/.m2/repository/org/codehaus/groovy/groovy-json/3.0.9/groovy-json-3.0.9.jar:/Users/carlos.bautista/.m2/repository/org/opentest4j/opentest4j/1.2.0/opentest4j-1.2.0.jar:/Users/carlos.bautista/.m2/repository/net/serenity-bdd/serenity-screenplay/3.0.5/serenity-screenplay-3.0.5.jar:/Users/carlos.bautista/.m2/repository/net/serenity-bdd/serenity-screenplay-rest/3.0.5/serenity-screenplay-rest-3.0.5.jar:/Users/carlos.bautista/.m2/repository/net/serenity-bdd/serenity-cucumber6/2.4.51/serenity-cucumber6-2.4.51.jar:/Users/carlos.bautista/.m2/repository/net/serenity-bdd/serenity-screenplay-webdriver/2.4.51/serenity-screenplay-webdriver-2.4.51.jar:/Users/carlos.bautista/.m2/repository/io/cucumber/cucumber-java/6.10.4/cucumber-java-6.10.4.jar:/Users/carlos.bautista/.m2/repository/org/apiguardian/apiguardian-api/1.1.1/apiguardian-api-1.1.1.jar:/Users/carlos.bautista/.m2/repository/io/cucumber/cucumber-junit/6.10.4/cucumber-junit-6.10.4.jar:/Users/carlos.bautista/.m2/repository/io/cucumber/datatable-matchers/3.4.0/datatable-matchers-3.4.0.jar:/Users/carlos.bautista/.m2/repository/io/cucumber/datatable/3.4.0/datatable-3.4.0.jar:/Users/carlos.bautista/.m2/repository/commons-logging/commons-logging/1.2/commons-logging-1.2.jar:/Users/carlos.bautista/.m2/repository/org/apache/commons/commons-csv/1.5/commons-csv-1.5.jar:/Users/carlos.bautista/.m2/repository/io/rest-assured/rest-assured/4.3.2/rest-assured-4.3.2.jar:/Users/carlos.bautista/.m2/repository/org/apache/httpcomponents/httpclient/4.5.3/httpclient-4.5.3.jar:/Users/carlos.bautista/.m2/repository/org/apache/httpcomponents/httpcore/4.4.6/httpcore-4.4.6.jar:/Users/carlos.bautista/.m2/repository/org/apache/httpcomponents/httpmime/4.5.3/httpmime-4.5.3.jar:/Users/carlos.bautista/.m2/repository/org/ccil/cowan/tagsoup/tagsoup/1.2.1/tagsoup-1.2.1.jar:/Users/carlos.bautista/.m2/repository/io/rest-assured/json-path/4.3.3/json-path-4.3.3.jar:/Users/carlos.bautista/.m2/repository/io/rest-assured/rest-assured-common/4.3.3/rest-assured-common-4.3.3.jar:/Users/carlos.bautista/.m2/repository/io/rest-assured/xml-path/4.3.3/xml-path-4.3.3.jar:/Users/carlos.bautista/.m2/repository/jakarta/xml/bind/jakarta.xml.bind-api/2.3.3/jakarta.xml.bind-api-2.3.3.jar:/Users/carlos.bautista/.m2/repository/jakarta/activation/jakarta.activation-api/1.2.2/jakarta.activation-api-1.2.2.jar:/Users/carlos.bautista/.m2/repository/org/codehaus/groovy/groovy/3.0.6/groovy-3.0.6.jar:/Users/carlos.bautista/.m2/repository/org/codehaus/groovy/groovy-xml/3.0.6/groovy-xml-3.0.6.jar:/Users/carlos.bautista/.m2/repository/junit/junit/4.13.1/junit-4.13.1.jar:/Users/carlos.bautista/.m2/repository/org/hamcrest/hamcrest-core/1.3/hamcrest-core-1.3.jar:/Users/carlos.bautista/.m2/repository/org/assertj/assertj-core/3.6.2/assertj-core-3.6.2.jar:/Users/carlos.bautista/.m2/repository/org/hamcrest/hamcrest/2.2/hamcrest-2.2.jar:/Users/carlos.bautista/.m2/repository/com/googlecode/json-simple/json-simple/1.1.1/json-simple-1.1.1.jar:"/>
    <property name="java.vm.vendor" value="Homebrew"/>
    <property name="sun.arch.data.model" value="64"/>
    <property name="java.vendor.url" value="https://github.com/Homebrew/homebrew-core/issues"/>
    <property name="user.timezone" value="America/Bogota"/>
    <property name="os.name" value="Mac OS X"/>
    <property name="java.vm.specification.version" value="17"/>
    <property name="sun.java.launcher" value="SUN_STANDARD"/>
    <property name="user.country" value="CO"/>
    <property name="sun.boot.library.path" value="/usr/local/Cellar/openjdk/17.0.1_1/libexec/openjdk.jdk/Contents/Home/lib"/>
    <property name="sun.java.command" value="org.apache.maven.surefire.booter.ForkedBooter /Users/carlos.bautista/Documents/Disney/ESI-POC/target/surefire 2022-02-09T18-39-30_220-jvmRun1 surefire10859668038450643175tmp surefire_015955662716069213229tmp"/>
    <property name="http.nonProxyHosts" value="local|*.local|169.254/16|*.169.254/16"/>
    <property name="jdk.debug" value="release"/>
    <property name="surefire.test.class.path" value="/Users/carlos.bautista/Documents/Disney/ESI-POC/target/test-classes:/Users/carlos.bautista/.m2/repository/ch/qos/logback/logback-classic/1.2.3/logback-classic-1.2.3.jar:/Users/carlos.bautista/.m2/repository/ch/qos/logback/logback-core/1.2.3/logback-core-1.2.3.jar:/Users/carlos.bautista/.m2/repository/org/slf4j/slf4j-api/1.7.25/slf4j-api-1.7.25.jar:/Users/carlos.bautista/.m2/repository/net/serenity-bdd/serenity-core/3.0.5/serenity-core-3.0.5.jar:/Users/carlos.bautista/.m2/repository/net/serenity-bdd/serenity-model/3.0.5/serenity-model-3.0.5.jar:/Users/carlos.bautista/.m2/repository/org/apache/commons/commons-text/1.9/commons-text-1.9.jar:/Users/carlos.bautista/.m2/repository/commons-net/commons-net/3.6/commons-net-3.6.jar:/Users/carlos.bautista/.m2/repository/com/google/guava/guava/31.0.1-jre/guava-31.0.1-jre.jar:/Users/carlos.bautista/.m2/repository/com/google/guava/failureaccess/1.0.1/failureaccess-1.0.1.jar:/Users/carlos.bautista/.m2/repository/com/google/guava/listenablefuture/9999.0-empty-to-avoid-conflict-with-guava/listenablefuture-9999.0-empty-to-avoid-conflict-with-guava.jar:/Users/carlos.bautista/.m2/repository/com/google/code/findbugs/jsr305/3.0.2/jsr305-3.0.2.jar:/Users/carlos.bautista/.m2/repository/org/checkerframework/checker-qual/3.12.0/checker-qual-3.12.0.jar:/Users/carlos.bautista/.m2/repository/com/google/errorprone/error_prone_annotations/2.7.1/error_prone_annotations-2.7.1.jar:/Users/carlos.bautista/.m2/repository/com/google/j2objc/j2objc-annotations/1.3/j2objc-annotations-1.3.jar:/Users/carlos.bautista/.m2/repository/com/google/inject/guice/5.0.1/guice-5.0.1.jar:/Users/carlos.bautista/.m2/repository/javax/inject/javax.inject/1/javax.inject-1.jar:/Users/carlos.bautista/.m2/repository/aopalliance/aopalliance/1.0/aopalliance-1.0.jar:/Users/carlos.bautista/.m2/repository/org/jsoup/jsoup/1.13.1/jsoup-1.13.1.jar:/Users/carlos.bautista/.m2/repository/com/thoughtworks/xstream/xstream/1.4.18/xstream-1.4.18.jar:/Users/carlos.bautista/.m2/repository/io/github/x-stream/mxparser/1.2.2/mxparser-1.2.2.jar:/Users/carlos.bautista/.m2/repository/xmlpull/xmlpull/1.1.3.1/xmlpull-1.1.3.1.jar:/Users/carlos.bautista/.m2/repository/io/cucumber/cucumber-core/6.11.0/cucumber-core-6.11.0.jar:/Users/carlos.bautista/.m2/repository/io/cucumber/cucumber-gherkin/6.11.0/cucumber-gherkin-6.11.0.jar:/Users/carlos.bautista/.m2/repository/io/cucumber/cucumber-gherkin-messages/6.11.0/cucumber-gherkin-messages-6.11.0.jar:/Users/carlos.bautista/.m2/repository/io/cucumber/messages/15.0.0/messages-15.0.0.jar:/Users/carlos.bautista/.m2/repository/io/cucumber/tag-expressions/3.0.1/tag-expressions-3.0.1.jar:/Users/carlos.bautista/.m2/repository/io/cucumber/cucumber-expressions/10.3.0/cucumber-expressions-10.3.0.jar:/Users/carlos.bautista/.m2/repository/io/cucumber/cucumber-plugin/6.11.0/cucumber-plugin-6.11.0.jar:/Users/carlos.bautista/.m2/repository/io/cucumber/docstring/6.11.0/docstring-6.11.0.jar:/Users/carlos.bautista/.m2/repository/io/cucumber/html-formatter/13.0.0/html-formatter-13.0.0.jar:/Users/carlos.bautista/.m2/repository/io/cucumber/create-meta/4.0.0/create-meta-4.0.0.jar:/Users/carlos.bautista/.m2/repository/com/typesafe/config/1.3.1/config-1.3.1.jar:/Users/carlos.bautista/.m2/repository/org/imgscalr/imgscalr-lib/4.2/imgscalr-lib-4.2.jar:/Users/carlos.bautista/.m2/repository/org/awaitility/awaitility/4.1.0/awaitility-4.1.0.jar:/Users/carlos.bautista/.m2/repository/org/freemarker/freemarker/2.3.31/freemarker-2.3.31.jar:/Users/carlos.bautista/.m2/repository/org/reflections/reflections/0.10.2/reflections-0.10.2.jar:/Users/carlos.bautista/.m2/repository/org/javassist/javassist/3.28.0-GA/javassist-3.28.0-GA.jar:/Users/carlos.bautista/.m2/repository/net/sourceforge/jexcelapi/jxl/2.6.12/jxl-2.6.12.jar:/Users/carlos.bautista/.m2/repository/org/asciidoctor/asciidoctorj/2.5.1/asciidoctorj-2.5.1.jar:/Users/carlos.bautista/.m2/repository/org/asciidoctor/asciidoctorj-api/2.5.1/asciidoctorj-api-2.5.1.jar:/Users/carlos.bautista/.m2/repository/org/jruby/jruby/9.2.17.0/jruby-9.2.17.0.jar:/Users/carlos.bautista/.m2/repository/org/jruby/jruby-core/9.2.17.0/jruby-core-9.2.17.0.jar:/Users/carlos.bautista/.m2/repository/com/github/jnr/jnr-netdb/1.2.0/jnr-netdb-1.2.0.jar:/Users/carlos.bautista/.m2/repository/com/github/jnr/jnr-enxio/0.32.3/jnr-enxio-0.32.3.jar:/Users/carlos.bautista/.m2/repository/com/github/jnr/jnr-unixsocket/0.38.5/jnr-unixsocket-0.38.5.jar:/Users/carlos.bautista/.m2/repository/com/github/jnr/jnr-posix/3.1.4/jnr-posix-3.1.4.jar:/Users/carlos.bautista/.m2/repository/com/github/jnr/jnr-constants/0.10.1/jnr-constants-0.10.1.jar:/Users/carlos.bautista/.m2/repository/com/github/jnr/jffi/1.3.1/jffi-1.3.1.jar:/Users/carlos.bautista/.m2/repository/com/github/jnr/jffi/1.3.1/jffi-1.3.1-native.jar:/Users/carlos.bautista/.m2/repository/org/jruby/joni/joni/2.1.31/joni-2.1.31.jar:/Users/carlos.bautista/.m2/repository/org/jruby/jcodings/jcodings/1.0.46/jcodings-1.0.46.jar:/Users/carlos.bautista/.m2/repository/org/jruby/dirgra/0.3/dirgra-0.3.jar:/Users/carlos.bautista/.m2/repository/com/headius/invokebinder/1.11/invokebinder-1.11.jar:/Users/carlos.bautista/.m2/repository/com/headius/options/1.4/options-1.4.jar:/Users/carlos.bautista/.m2/repository/com/jcraft/jzlib/1.1.3/jzlib-1.1.3.jar:/Users/carlos.bautista/.m2/repository/com/martiansoftware/nailgun-server/0.9.1/nailgun-server-0.9.1.jar:/Users/carlos.bautista/.m2/repository/com/headius/backport9/1.8/backport9-1.8.jar:/Users/carlos.bautista/.m2/repository/javax/annotation/javax.annotation-api/1.3.1/javax.annotation-api-1.3.1.jar:/Users/carlos.bautista/.m2/repository/org/jruby/jruby-stdlib/9.2.17.0/jruby-stdlib-9.2.17.0.jar:/Users/carlos.bautista/.m2/repository/net/bytebuddy/byte-buddy/1.11.22/byte-buddy-1.11.22.jar:/Users/carlos.bautista/.m2/repository/net/bytebuddy/byte-buddy-agent/1.11.22/byte-buddy-agent-1.11.22.jar:/Users/carlos.bautista/.m2/repository/org/objenesis/objenesis/3.1/objenesis-3.1.jar:/Users/carlos.bautista/.m2/repository/net/serenity-bdd/serenity-reports/3.0.5/serenity-reports-3.0.5.jar:/Users/carlos.bautista/.m2/repository/net/serenity-bdd/serenity-stats/3.0.5/serenity-stats-3.0.5.jar:/Users/carlos.bautista/.m2/repository/org/jetbrains/kotlin/kotlin-stdlib/1.5.31/kotlin-stdlib-1.5.31.jar:/Users/carlos.bautista/.m2/repository/org/jetbrains/annotations/13.0/annotations-13.0.jar:/Users/carlos.bautista/.m2/repository/org/jetbrains/kotlin/kotlin-stdlib-common/1.5.31/kotlin-stdlib-common-1.5.31.jar:/Users/carlos.bautista/.m2/repository/net/serenity-bdd/serenity-reports-configuration/3.0.5/serenity-reports-configuration-3.0.5.jar:/Users/carlos.bautista/.m2/repository/com/vladsch/flexmark/flexmark-all/0.34.30/flexmark-all-0.34.30.jar:/Users/carlos.bautista/.m2/repository/com/vladsch/flexmark/flexmark/0.34.30/flexmark-0.34.30.jar:/Users/carlos.bautista/.m2/repository/com/vladsch/flexmark/flexmark-ext-abbreviation/0.34.30/flexmark-ext-abbreviation-0.34.30.jar:/Users/carlos.bautista/.m2/repository/com/vladsch/flexmark/flexmark-ext-admonition/0.34.30/flexmark-ext-admonition-0.34.30.jar:/Users/carlos.bautista/.m2/repository/com/vladsch/flexmark/flexmark-ext-anchorlink/0.34.30/flexmark-ext-anchorlink-0.34.30.jar:/Users/carlos.bautista/.m2/repository/com/vladsch/flexmark/flexmark-ext-aside/0.34.30/flexmark-ext-aside-0.34.30.jar:/Users/carlos.bautista/.m2/repository/com/vladsch/flexmark/flexmark-ext-attributes/0.34.30/flexmark-ext-attributes-0.34.30.jar:/Users/carlos.bautista/.m2/repository/com/vladsch/flexmark/flexmark-ext-autolink/0.34.30/flexmark-ext-autolink-0.34.30.jar:/Users/carlos.bautista/.m2/repository/org/nibor/autolink/autolink/0.6.0/autolink-0.6.0.jar:/Users/carlos.bautista/.m2/repository/com/vladsch/flexmark/flexmark-ext-definition/0.34.30/flexmark-ext-definition-0.34.30.jar:/Users/carlos.bautista/.m2/repository/com/vladsch/flexmark/flexmark-ext-emoji/0.34.30/flexmark-ext-emoji-0.34.30.jar:/Users/carlos.bautista/.m2/repository/com/vladsch/flexmark/flexmark-ext-enumerated-reference/0.34.30/flexmark-ext-enumerated-reference-0.34.30.jar:/Users/carlos.bautista/.m2/repository/com/vladsch/flexmark/flexmark-ext-escaped-character/0.34.30/flexmark-ext-escaped-character-0.34.30.jar:/Users/carlos.bautista/.m2/repository/com/vladsch/flexmark/flexmark-ext-footnotes/0.34.30/flexmark-ext-footnotes-0.34.30.jar:/Users/carlos.bautista/.m2/repository/com/vladsch/flexmark/flexmark-ext-gfm-issues/0.34.30/flexmark-ext-gfm-issues-0.34.30.jar:/Users/carlos.bautista/.m2/repository/com/vladsch/flexmark/flexmark-ext-gfm-strikethrough/0.34.30/flexmark-ext-gfm-strikethrough-0.34.30.jar:/Users/carlos.bautista/.m2/repository/com/vladsch/flexmark/flexmark-ext-gfm-tables/0.34.30/flexmark-ext-gfm-tables-0.34.30.jar:/Users/carlos.bautista/.m2/repository/com/vladsch/flexmark/flexmark-ext-gfm-tasklist/0.34.30/flexmark-ext-gfm-tasklist-0.34.30.jar:/Users/carlos.bautista/.m2/repository/com/vladsch/flexmark/flexmark-ext-gfm-users/0.34.30/flexmark-ext-gfm-users-0.34.30.jar:/Users/carlos.bautista/.m2/repository/com/vladsch/flexmark/flexmark-ext-gitlab/0.34.30/flexmark-ext-gitlab-0.34.30.jar:/Users/carlos.bautista/.m2/repository/com/vladsch/flexmark/flexmark-ext-jekyll-front-matter/0.34.30/flexmark-ext-jekyll-front-matter-0.34.30.jar:/Users/carlos.bautista/.m2/repository/com/vladsch/flexmark/flexmark-ext-jekyll-tag/0.34.30/flexmark-ext-jekyll-tag-0.34.30.jar:/Users/carlos.bautista/.m2/repository/com/vladsch/flexmark/flexmark-ext-media-tags/0.34.30/flexmark-ext-media-tags-0.34.30.jar:/Users/carlos.bautista/.m2/repository/com/vladsch/flexmark/flexmark-test-util/0.34.30/flexmark-test-util-0.34.30.jar:/Users/carlos.bautista/.m2/repository/com/vladsch/flexmark/flexmark-ext-ins/0.34.30/flexmark-ext-ins-0.34.30.jar:/Users/carlos.bautista/.m2/repository/com/vladsch/flexmark/flexmark-ext-xwiki-macros/0.34.30/flexmark-ext-xwiki-macros-0.34.30.jar:/Users/carlos.bautista/.m2/repository/com/vladsch/flexmark/flexmark-ext-superscript/0.34.30/flexmark-ext-superscript-0.34.30.jar:/Users/carlos.bautista/.m2/repository/com/vladsch/flexmark/flexmark-ext-tables/0.34.30/flexmark-ext-tables-0.34.30.jar:/Users/carlos.bautista/.m2/repository/com/vladsch/flexmark/flexmark-ext-toc/0.34.30/flexmark-ext-toc-0.34.30.jar:/Users/carlos.bautista/.m2/repository/com/vladsch/flexmark/flexmark-ext-typographic/0.34.30/flexmark-ext-typographic-0.34.30.jar:/Users/carlos.bautista/.m2/repository/com/vladsch/flexmark/flexmark-ext-wikilink/0.34.30/flexmark-ext-wikilink-0.34.30.jar:/Users/carlos.bautista/.m2/repository/com/vladsch/flexmark/flexmark-ext-yaml-front-matter/0.34.30/flexmark-ext-yaml-front-matter-0.34.30.jar:/Users/carlos.bautista/.m2/repository/com/vladsch/flexmark/flexmark-ext-youtube-embedded/0.34.30/flexmark-ext-youtube-embedded-0.34.30.jar:/Users/carlos.bautista/.m2/repository/com/vladsch/flexmark/flexmark-formatter/0.34.30/flexmark-formatter-0.34.30.jar:/Users/carlos.bautista/.m2/repository/com/vladsch/flexmark/flexmark-html-parser/0.34.30/flexmark-html-parser-0.34.30.jar:/Users/carlos.bautista/.m2/repository/com/vladsch/flexmark/flexmark-jira-converter/0.34.30/flexmark-jira-converter-0.34.30.jar:/Users/carlos.bautista/.m2/repository/com/vladsch/flexmark/flexmark-pdf-converter/0.34.30/flexmark-pdf-converter-0.34.30.jar:/Users/carlos.bautista/.m2/repository/com/openhtmltopdf/openhtmltopdf-core/0.0.1-RC13/openhtmltopdf-core-0.0.1-RC13.jar:/Users/carlos.bautista/.m2/repository/com/openhtmltopdf/openhtmltopdf-pdfbox/0.0.1-RC13/openhtmltopdf-pdfbox-0.0.1-RC13.jar:/Users/carlos.bautista/.m2/repository/org/apache/pdfbox/pdfbox/2.0.8/pdfbox-2.0.8.jar:/Users/carlos.bautista/.m2/repository/org/apache/pdfbox/fontbox/2.0.8/fontbox-2.0.8.jar:/Users/carlos.bautista/.m2/repository/org/apache/pdfbox/xmpbox/2.0.8/xmpbox-2.0.8.jar:/Users/carlos.bautista/.m2/repository/de/rototor/pdfbox/graphics2d/0.12/graphics2d-0.12.jar:/Users/carlos.bautista/.m2/repository/com/openhtmltopdf/openhtmltopdf-rtl-support/0.0.1-RC13/openhtmltopdf-rtl-support-0.0.1-RC13.jar:/Users/carlos.bautista/.m2/repository/com/ibm/icu/icu4j/59.1/icu4j-59.1.jar:/Users/carlos.bautista/.m2/repository/com/openhtmltopdf/openhtmltopdf-jsoup-dom-converter/0.0.1-RC13/openhtmltopdf-jsoup-dom-converter-0.0.1-RC13.jar:/Users/carlos.bautista/.m2/repository/com/vladsch/flexmark/flexmark-profile-pegdown/0.34.30/flexmark-profile-pegdown-0.34.30.jar:/Users/carlos.bautista/.m2/repository/com/vladsch/flexmark/flexmark-util/0.34.30/flexmark-util-0.34.30.jar:/Users/carlos.bautista/.m2/repository/com/vladsch/flexmark/flexmark-youtrack-converter/0.34.30/flexmark-youtrack-converter-0.34.30.jar:/Users/carlos.bautista/.m2/repository/es/nitaur/markdown/txtmark/0.16/txtmark-0.16.jar:/Users/carlos.bautista/.m2/repository/net/serenity-bdd/serenity-report-resources/3.0.5/serenity-report-resources-3.0.5.jar:/Users/carlos.bautista/.m2/repository/com/google/code/gson/gson/2.8.8/gson-2.8.8.jar:/Users/carlos.bautista/.m2/repository/com/fasterxml/jackson/core/jackson-core/2.12.4/jackson-core-2.12.4.jar:/Users/carlos.bautista/.m2/repository/com/fasterxml/jackson/core/jackson-databind/2.12.4/jackson-databind-2.12.4.jar:/Users/carlos.bautista/.m2/repository/com/fasterxml/jackson/core/jackson-annotations/2.12.4/jackson-annotations-2.12.4.jar:/Users/carlos.bautista/.m2/repository/commons-codec/commons-codec/1.15/commons-codec-1.15.jar:/Users/carlos.bautista/.m2/repository/commons-io/commons-io/2.8.0/commons-io-2.8.0.jar:/Users/carlos.bautista/.m2/repository/org/seleniumhq/selenium/selenium-server/3.141.59/selenium-server-3.141.59.jar:/Users/carlos.bautista/.m2/repository/org/seleniumhq/selenium/selenium-opera-driver/3.141.59/selenium-opera-driver-3.141.59.jar:/Users/carlos.bautista/.m2/repository/org/seleniumhq/selenium/selenium-remote-driver/3.141.59/selenium-remote-driver-3.141.59.jar:/Users/carlos.bautista/.m2/repository/org/seleniumhq/selenium/selenium-safari-driver/3.141.59/selenium-safari-driver-3.141.59.jar:/Users/carlos.bautista/.m2/repository/com/beust/jcommander/1.72/jcommander-1.72.jar:/Users/carlos.bautista/.m2/repository/org/apache/commons/commons-exec/1.3/commons-exec-1.3.jar:/Users/carlos.bautista/.m2/repository/net/jcip/jcip-annotations/1.0/jcip-annotations-1.0.jar:/Users/carlos.bautista/.m2/repository/org/seleniumhq/selenium/jetty-repacked/9.4.12.v20180830/jetty-repacked-9.4.12.v20180830.jar:/Users/carlos.bautista/.m2/repository/com/squareup/okhttp3/okhttp/3.11.0/okhttp-3.11.0.jar:/Users/carlos.bautista/.m2/repository/com/squareup/okio/okio/1.14.0/okio-1.14.0.jar:/Users/carlos.bautista/.m2/repository/javax/servlet/javax.servlet-api/3.1.0/javax.servlet-api-3.1.0.jar:/Users/carlos.bautista/.m2/repository/org/yaml/snakeyaml/1.19/snakeyaml-1.19.jar:/Users/carlos.bautista/.m2/repository/org/seleniumhq/selenium/selenium-java/3.141.59/selenium-java-3.141.59.jar:/Users/carlos.bautista/.m2/repository/org/seleniumhq/selenium/selenium-api/3.141.59/selenium-api-3.141.59.jar:/Users/carlos.bautista/.m2/repository/org/seleniumhq/selenium/selenium-support/3.141.59/selenium-support-3.141.59.jar:/Users/carlos.bautista/.m2/repository/org/seleniumhq/selenium/selenium-chrome-driver/3.141.59/selenium-chrome-driver-3.141.59.jar:/Users/carlos.bautista/.m2/repository/org/seleniumhq/selenium/selenium-firefox-driver/3.141.59/selenium-firefox-driver-3.141.59.jar:/Users/carlos.bautista/.m2/repository/org/seleniumhq/selenium/selenium-edge-driver/3.141.59/selenium-edge-driver-3.141.59.jar:/Users/carlos.bautista/.m2/repository/org/seleniumhq/selenium/selenium-ie-driver/3.141.59/selenium-ie-driver-3.141.59.jar:/Users/carlos.bautista/.m2/repository/net/sourceforge/htmlunit/htmlunit/2.47.1/htmlunit-2.47.1.jar:/Users/carlos.bautista/.m2/repository/xalan/xalan/2.7.2/xalan-2.7.2.jar:/Users/carlos.bautista/.m2/repository/xalan/serializer/2.7.2/serializer-2.7.2.jar:/Users/carlos.bautista/.m2/repository/net/sourceforge/htmlunit/htmlunit-core-js/2.47.0/htmlunit-core-js-2.47.0.jar:/Users/carlos.bautista/.m2/repository/net/sourceforge/htmlunit/neko-htmlunit/2.47.1/neko-htmlunit-2.47.1.jar:/Users/carlos.bautista/.m2/repository/xerces/xercesImpl/2.12.0/xercesImpl-2.12.0.jar:/Users/carlos.bautista/.m2/repository/xml-apis/xml-apis/1.4.01/xml-apis-1.4.01.jar:/Users/carlos.bautista/.m2/repository/net/sourceforge/htmlunit/htmlunit-cssparser/1.7.0/htmlunit-cssparser-1.7.0.jar:/Users/carlos.bautista/.m2/repository/org/brotli/dec/0.1.2/dec-0.1.2.jar:/Users/carlos.bautista/.m2/repository/com/shapesecurity/salvation2/3.0.0/salvation2-3.0.0.jar:/Users/carlos.bautista/.m2/repository/org/eclipse/jetty/websocket/websocket-client/9.4.36.v20210114/websocket-client-9.4.36.v20210114.jar:/Users/carlos.bautista/.m2/repository/org/eclipse/jetty/jetty-client/9.4.36.v20210114/jetty-client-9.4.36.v20210114.jar:/Users/carlos.bautista/.m2/repository/org/eclipse/jetty/jetty-http/9.4.36.v20210114/jetty-http-9.4.36.v20210114.jar:/Users/carlos.bautista/.m2/repository/org/eclipse/jetty/jetty-util/9.4.36.v20210114/jetty-util-9.4.36.v20210114.jar:/Users/carlos.bautista/.m2/repository/org/eclipse/jetty/jetty-io/9.4.36.v20210114/jetty-io-9.4.36.v20210114.jar:/Users/carlos.bautista/.m2/repository/org/eclipse/jetty/websocket/websocket-common/9.4.36.v20210114/websocket-common-9.4.36.v20210114.jar:/Users/carlos.bautista/.m2/repository/org/eclipse/jetty/websocket/websocket-api/9.4.36.v20210114/websocket-api-9.4.36.v20210114.jar:/Users/carlos.bautista/.m2/repository/org/projectlombok/lombok/1.18.20/lombok-1.18.20.jar:/Users/carlos.bautista/.m2/repository/org/seleniumhq/selenium/htmlunit-driver/2.47.1/htmlunit-driver-2.47.1.jar:/Users/carlos.bautista/.m2/repository/com/codeborne/phantomjsdriver/1.4.4/phantomjsdriver-1.4.4.jar:/Users/carlos.bautista/.m2/repository/io/appium/java-client/7.5.1/java-client-7.5.1.jar:/Users/carlos.bautista/.m2/repository/commons-validator/commons-validator/1.7/commons-validator-1.7.jar:/Users/carlos.bautista/.m2/repository/commons-digester/commons-digester/2.1/commons-digester-2.1.jar:/Users/carlos.bautista/.m2/repository/org/aspectj/aspectjweaver/1.9.6/aspectjweaver-1.9.6.jar:/Users/carlos.bautista/.m2/repository/net/sf/opencsv/opencsv/2.0/opencsv-2.0.jar:/Users/carlos.bautista/.m2/repository/commons-beanutils/commons-beanutils/1.9.4/commons-beanutils-1.9.4.jar:/Users/carlos.bautista/.m2/repository/org/apache/commons/commons-lang3/3.11/commons-lang3-3.11.jar:/Users/carlos.bautista/.m2/repository/commons-collections/commons-collections/3.2.2/commons-collections-3.2.2.jar:/Users/carlos.bautista/.m2/repository/org/fluentlenium/fluentlenium-core/0.10.2/fluentlenium-core-0.10.2.jar:/Users/carlos.bautista/.m2/repository/io/github/bonigarcia/webdrivermanager/4.4.1/webdrivermanager-4.4.1.jar:/Users/carlos.bautista/.m2/repository/org/apache/httpcomponents/client5/httpclient5/5.0.3/httpclient5-5.0.3.jar:/Users/carlos.bautista/.m2/repository/org/apache/httpcomponents/core5/httpcore5/5.0.2/httpcore5-5.0.2.jar:/Users/carlos.bautista/.m2/repository/org/apache/httpcomponents/core5/httpcore5-h2/5.0.2/httpcore5-h2-5.0.2.jar:/Users/carlos.bautista/.m2/repository/org/rauschig/jarchivelib/1.1.0/jarchivelib-1.1.0.jar:/Users/carlos.bautista/.m2/repository/org/apache/commons/commons-compress/1.20/commons-compress-1.20.jar:/Users/carlos.bautista/.m2/repository/com/jhlabs/filters/2.0.235/filters-2.0.235.jar:/Users/carlos.bautista/.m2/repository/com/paulhammant/ngwebdriver/1.1.5/ngwebdriver-1.1.5.jar:/Users/carlos.bautista/.m2/repository/joda-time/joda-time/2.8.2/joda-time-2.8.2.jar:/Users/carlos.bautista/.m2/repository/com/google/jimfs/jimfs/1.1/jimfs-1.1.jar:/Users/carlos.bautista/.m2/repository/org/mockito/mockito-core/3.3.3/mockito-core-3.3.3.jar:/Users/carlos.bautista/.m2/repository/javax/xml/bind/jaxb-api/2.3.1/jaxb-api-2.3.1.jar:/Users/carlos.bautista/.m2/repository/javax/activation/javax.activation-api/1.2.0/javax.activation-api-1.2.0.jar:/Users/carlos.bautista/.m2/repository/com/sun/xml/bind/jaxb-core/2.3.0.1/jaxb-core-2.3.0.1.jar:/Users/carlos.bautista/.m2/repository/com/sun/xml/bind/jaxb-impl/2.3.3/jaxb-impl-2.3.3.jar:/Users/carlos.bautista/.m2/repository/com/sun/activation/jakarta.activation/1.2.2/jakarta.activation-1.2.2.jar:/Users/carlos.bautista/.m2/repository/javax/activation/activation/1.1.1/activation-1.1.1.jar:/Users/carlos.bautista/.m2/repository/net/serenity-bdd/serenity-junit/3.0.5/serenity-junit-3.0.5.jar:/Users/carlos.bautista/.m2/repository/net/serenity-bdd/serenity-rest-assured/3.0.5/serenity-rest-assured-3.0.5.jar:/Users/carlos.bautista/.m2/repository/org/codehaus/groovy/groovy-json/3.0.9/groovy-json-3.0.9.jar:/Users/carlos.bautista/.m2/repository/org/opentest4j/opentest4j/1.2.0/opentest4j-1.2.0.jar:/Users/carlos.bautista/.m2/repository/net/serenity-bdd/serenity-screenplay/3.0.5/serenity-screenplay-3.0.5.jar:/Users/carlos.bautista/.m2/repository/net/serenity-bdd/serenity-screenplay-rest/3.0.5/serenity-screenplay-rest-3.0.5.jar:/Users/carlos.bautista/.m2/repository/net/serenity-bdd/serenity-cucumber6/2.4.51/serenity-cucumber6-2.4.51.jar:/Users/carlos.bautista/.m2/repository/net/serenity-bdd/serenity-screenplay-webdriver/2.4.51/serenity-screenplay-webdriver-2.4.51.jar:/Users/carlos.bautista/.m2/repository/io/cucumber/cucumber-java/6.10.4/cucumber-java-6.10.4.jar:/Users/carlos.bautista/.m2/repository/org/apiguardian/apiguardian-api/1.1.1/apiguardian-api-1.1.1.jar:/Users/carlos.bautista/.m2/repository/io/cucumber/cucumber-junit/6.10.4/cucumber-junit-6.10.4.jar:/Users/carlos.bautista/.m2/repository/io/cucumber/datatable-matchers/3.4.0/datatable-matchers-3.4.0.jar:/Users/carlos.bautista/.m2/repository/io/cucumber/datatable/3.4.0/datatable-3.4.0.jar:/Users/carlos.bautista/.m2/repository/commons-logging/commons-logging/1.2/commons-logging-1.2.jar:/Users/carlos.bautista/.m2/repository/org/apache/commons/commons-csv/1.5/commons-csv-1.5.jar:/Users/carlos.bautista/.m2/repository/io/rest-assured/rest-assured/4.3.2/rest-assured-4.3.2.jar:/Users/carlos.bautista/.m2/repository/org/apache/httpcomponents/httpclient/4.5.3/httpclient-4.5.3.jar:/Users/carlos.bautista/.m2/repository/org/apache/httpcomponents/httpcore/4.4.6/httpcore-4.4.6.jar:/Users/carlos.bautista/.m2/repository/org/apache/httpcomponents/httpmime/4.5.3/httpmime-4.5.3.jar:/Users/carlos.bautista/.m2/repository/org/ccil/cowan/tagsoup/tagsoup/1.2.1/tagsoup-1.2.1.jar:/Users/carlos.bautista/.m2/repository/io/rest-assured/json-path/4.3.3/json-path-4.3.3.jar:/Users/carlos.bautista/.m2/repository/io/rest-assured/rest-assured-common/4.3.3/rest-assured-common-4.3.3.jar:/Users/carlos.bautista/.m2/repository/io/rest-assured/xml-path/4.3.3/xml-path-4.3.3.jar:/Users/carlos.bautista/.m2/repository/jakarta/xml/bind/jakarta.xml.bind-api/2.3.3/jakarta.xml.bind-api-2.3.3.jar:/Users/carlos.bautista/.m2/repository/jakarta/activation/jakarta.activation-api/1.2.2/jakarta.activation-api-1.2.2.jar:/Users/carlos.bautista/.m2/repository/org/codehaus/groovy/groovy/3.0.6/groovy-3.0.6.jar:/Users/carlos.bautista/.m2/repository/org/codehaus/groovy/groovy-xml/3.0.6/groovy-xml-3.0.6.jar:/Users/carlos.bautista/.m2/repository/junit/junit/4.13.1/junit-4.13.1.jar:/Users/carlos.bautista/.m2/repository/org/hamcrest/hamcrest-core/1.3/hamcrest-core-1.3.jar:/Users/carlos.bautista/.m2/repository/org/assertj/assertj-core/3.6.2/assertj-core-3.6.2.jar:/Users/carlos.bautista/.m2/repository/org/hamcrest/hamcrest/2.2/hamcrest-2.2.jar:/Users/carlos.bautista/.m2/repository/com/googlecode/json-simple/json-simple/1.1.1/json-simple-1.1.1.jar:"/>
    <property name="sun.cpu.endian" value="little"/>
    <property name="user.home" value="/Users/carlos.bautista"/>
    <property name="user.language" value="en"/>
    <property name="java.specification.vendor" value="Oracle Corporation"/>
    <property name="jdk.module.path" value="/Users/carlos.bautista/Documents/Disney/ESI-POC/target/ESI-POC-1.0-SNAPSHOT.jar"/>
    <property name="java.version.date" value="2021-10-19"/>
    <property name="java.home" value="/usr/local/Cellar/openjdk/17.0.1_1/libexec/openjdk.jdk/Contents/Home"/>
    <property name="file.separator" value="/"/>
    <property name="basedir" value="/Users/carlos.bautista/Documents/Disney/ESI-POC"/>
    <property name="java.vm.compressedOopsMode" value="Zero based"/>
    <property name="line.separator" value="&#10;"/>
    <property name="java.vm.specification.vendor" value="Oracle Corporation"/>
    <property name="java.specification.name" value="Java Platform API Specification"/>
    <property name="surefire.real.class.path" value="/Users/carlos.bautista/.m2/repository/org/apache/maven/surefire/surefire-booter/3.0.0-M5/surefire-booter-3.0.0-M5.jar:/Users/carlos.bautista/.m2/repository/org/apache/maven/surefire/surefire-api/3.0.0-M5/surefire-api-3.0.0-M5.jar:/Users/carlos.bautista/.m2/repository/org/apache/maven/surefire/surefire-logger-api/3.0.0-M5/surefire-logger-api-3.0.0-M5.jar:/Users/carlos.bautista/.m2/repository/org/apache/maven/surefire/surefire-shared-utils/3.0.0-M4/surefire-shared-utils-3.0.0-M4.jar:/Users/carlos.bautista/.m2/repository/org/apache/maven/surefire/surefire-extensions-spi/3.0.0-M5/surefire-extensions-spi-3.0.0-M5.jar:/Users/carlos.bautista/Documents/Disney/ESI-POC/target/test-classes:/Users/carlos.bautista/.m2/repository/ch/qos/logback/logback-classic/1.2.3/logback-classic-1.2.3.jar:/Users/carlos.bautista/.m2/repository/ch/qos/logback/logback-core/1.2.3/logback-core-1.2.3.jar:/Users/carlos.bautista/.m2/repository/org/slf4j/slf4j-api/1.7.25/slf4j-api-1.7.25.jar:/Users/carlos.bautista/.m2/repository/net/serenity-bdd/serenity-core/3.0.5/serenity-core-3.0.5.jar:/Users/carlos.bautista/.m2/repository/net/serenity-bdd/serenity-model/3.0.5/serenity-model-3.0.5.jar:/Users/carlos.bautista/.m2/repository/org/apache/commons/commons-text/1.9/commons-text-1.9.jar:/Users/carlos.bautista/.m2/repository/commons-net/commons-net/3.6/commons-net-3.6.jar:/Users/carlos.bautista/.m2/repository/com/google/guava/guava/31.0.1-jre/guava-31.0.1-jre.jar:/Users/carlos.bautista/.m2/repository/com/google/guava/failureaccess/1.0.1/failureaccess-1.0.1.jar:/Users/carlos.bautista/.m2/repository/com/google/guava/listenablefuture/9999.0-empty-to-avoid-conflict-with-guava/listenablefuture-9999.0-empty-to-avoid-conflict-with-guava.jar:/Users/carlos.bautista/.m2/repository/com/google/code/findbugs/jsr305/3.0.2/jsr305-3.0.2.jar:/Users/carlos.bautista/.m2/repository/org/checkerframework/checker-qual/3.12.0/checker-qual-3.12.0.jar:/Users/carlos.bautista/.m2/repository/com/google/errorprone/error_prone_annotations/2.7.1/error_prone_annotations-2.7.1.jar:/Users/carlos.bautista/.m2/repository/com/google/j2objc/j2objc-annotations/1.3/j2objc-annotations-1.3.jar:/Users/carlos.bautista/.m2/repository/com/google/inject/guice/5.0.1/guice-5.0.1.jar:/Users/carlos.bautista/.m2/repository/javax/inject/javax.inject/1/javax.inject-1.jar:/Users/carlos.bautista/.m2/repository/aopalliance/aopalliance/1.0/aopalliance-1.0.jar:/Users/carlos.bautista/.m2/repository/org/jsoup/jsoup/1.13.1/jsoup-1.13.1.jar:/Users/carlos.bautista/.m2/repository/com/thoughtworks/xstream/xstream/1.4.18/xstream-1.4.18.jar:/Users/carlos.bautista/.m2/repository/io/github/x-stream/mxparser/1.2.2/mxparser-1.2.2.jar:/Users/carlos.bautista/.m2/repository/xmlpull/xmlpull/1.1.3.1/xmlpull-1.1.3.1.jar:/Users/carlos.bautista/.m2/repository/io/cucumber/cucumber-core/6.11.0/cucumber-core-6.11.0.jar:/Users/carlos.bautista/.m2/repository/io/cucumber/cucumber-gherkin/6.11.0/cucumber-gherkin-6.11.0.jar:/Users/carlos.bautista/.m2/repository/io/cucumber/cucumber-gherkin-messages/6.11.0/cucumber-gherkin-messages-6.11.0.jar:/Users/carlos.bautista/.m2/repository/io/cucumber/messages/15.0.0/messages-15.0.0.jar:/Users/carlos.bautista/.m2/repository/io/cucumber/tag-expressions/3.0.1/tag-expressions-3.0.1.jar:/Users/carlos.bautista/.m2/repository/io/cucumber/cucumber-expressions/10.3.0/cucumber-expressions-10.3.0.jar:/Users/carlos.bautista/.m2/repository/io/cucumber/cucumber-plugin/6.11.0/cucumber-plugin-6.11.0.jar:/Users/carlos.bautista/.m2/repository/io/cucumber/docstring/6.11.0/docstring-6.11.0.jar:/Users/carlos.bautista/.m2/repository/io/cucumber/html-formatter/13.0.0/html-formatter-13.0.0.jar:/Users/carlos.bautista/.m2/repository/io/cucumber/create-meta/4.0.0/create-meta-4.0.0.jar:/Users/carlos.bautista/.m2/repository/com/typesafe/config/1.3.1/config-1.3.1.jar:/Users/carlos.bautista/.m2/repository/org/imgscalr/imgscalr-lib/4.2/imgscalr-lib-4.2.jar:/Users/carlos.bautista/.m2/repository/org/awaitility/awaitility/4.1.0/awaitility-4.1.0.jar:/Users/carlos.bautista/.m2/repository/org/freemarker/freemarker/2.3.31/freemarker-2.3.31.jar:/Users/carlos.bautista/.m2/repository/org/reflections/reflections/0.10.2/reflections-0.10.2.jar:/Users/carlos.bautista/.m2/repository/org/javassist/javassist/3.28.0-GA/javassist-3.28.0-GA.jar:/Users/carlos.bautista/.m2/repository/net/sourceforge/jexcelapi/jxl/2.6.12/jxl-2.6.12.jar:/Users/carlos.bautista/.m2/repository/org/asciidoctor/asciidoctorj/2.5.1/asciidoctorj-2.5.1.jar:/Users/carlos.bautista/.m2/repository/org/asciidoctor/asciidoctorj-api/2.5.1/asciidoctorj-api-2.5.1.jar:/Users/carlos.bautista/.m2/repository/org/jruby/jruby/9.2.17.0/jruby-9.2.17.0.jar:/Users/carlos.bautista/.m2/repository/org/jruby/jruby-core/9.2.17.0/jruby-core-9.2.17.0.jar:/Users/carlos.bautista/.m2/repository/com/github/jnr/jnr-netdb/1.2.0/jnr-netdb-1.2.0.jar:/Users/carlos.bautista/.m2/repository/com/github/jnr/jnr-enxio/0.32.3/jnr-enxio-0.32.3.jar:/Users/carlos.bautista/.m2/repository/com/github/jnr/jnr-unixsocket/0.38.5/jnr-unixsocket-0.38.5.jar:/Users/carlos.bautista/.m2/repository/com/github/jnr/jnr-posix/3.1.4/jnr-posix-3.1.4.jar:/Users/carlos.bautista/.m2/repository/com/github/jnr/jnr-constants/0.10.1/jnr-constants-0.10.1.jar:/Users/carlos.bautista/.m2/repository/com/github/jnr/jffi/1.3.1/jffi-1.3.1.jar:/Users/carlos.bautista/.m2/repository/com/github/jnr/jffi/1.3.1/jffi-1.3.1-native.jar:/Users/carlos.bautista/.m2/repository/org/jruby/joni/joni/2.1.31/joni-2.1.31.jar:/Users/carlos.bautista/.m2/repository/org/jruby/jcodings/jcodings/1.0.46/jcodings-1.0.46.jar:/Users/carlos.bautista/.m2/repository/org/jruby/dirgra/0.3/dirgra-0.3.jar:/Users/carlos.bautista/.m2/repository/com/headius/invokebinder/1.11/invokebinder-1.11.jar:/Users/carlos.bautista/.m2/repository/com/headius/options/1.4/options-1.4.jar:/Users/carlos.bautista/.m2/repository/com/jcraft/jzlib/1.1.3/jzlib-1.1.3.jar:/Users/carlos.bautista/.m2/repository/com/martiansoftware/nailgun-server/0.9.1/nailgun-server-0.9.1.jar:/Users/carlos.bautista/.m2/repository/com/headius/backport9/1.8/backport9-1.8.jar:/Users/carlos.bautista/.m2/repository/javax/annotation/javax.annotation-api/1.3.1/javax.annotation-api-1.3.1.jar:/Users/carlos.bautista/.m2/repository/org/jruby/jruby-stdlib/9.2.17.0/jruby-stdlib-9.2.17.0.jar:/Users/carlos.bautista/.m2/repository/net/bytebuddy/byte-buddy/1.11.22/byte-buddy-1.11.22.jar:/Users/carlos.bautista/.m2/repository/net/bytebuddy/byte-buddy-agent/1.11.22/byte-buddy-agent-1.11.22.jar:/Users/carlos.bautista/.m2/repository/org/objenesis/objenesis/3.1/objenesis-3.1.jar:/Users/carlos.bautista/.m2/repository/net/serenity-bdd/serenity-reports/3.0.5/serenity-reports-3.0.5.jar:/Users/carlos.bautista/.m2/repository/net/serenity-bdd/serenity-stats/3.0.5/serenity-stats-3.0.5.jar:/Users/carlos.bautista/.m2/repository/org/jetbrains/kotlin/kotlin-stdlib/1.5.31/kotlin-stdlib-1.5.31.jar:/Users/carlos.bautista/.m2/repository/org/jetbrains/annotations/13.0/annotations-13.0.jar:/Users/carlos.bautista/.m2/repository/org/jetbrains/kotlin/kotlin-stdlib-common/1.5.31/kotlin-stdlib-common-1.5.31.jar:/Users/carlos.bautista/.m2/repository/net/serenity-bdd/serenity-reports-configuration/3.0.5/serenity-reports-configuration-3.0.5.jar:/Users/carlos.bautista/.m2/repository/com/vladsch/flexmark/flexmark-all/0.34.30/flexmark-all-0.34.30.jar:/Users/carlos.bautista/.m2/repository/com/vladsch/flexmark/flexmark/0.34.30/flexmark-0.34.30.jar:/Users/carlos.bautista/.m2/repository/com/vladsch/flexmark/flexmark-ext-abbreviation/0.34.30/flexmark-ext-abbreviation-0.34.30.jar:/Users/carlos.bautista/.m2/repository/com/vladsch/flexmark/flexmark-ext-admonition/0.34.30/flexmark-ext-admonition-0.34.30.jar:/Users/carlos.bautista/.m2/repository/com/vladsch/flexmark/flexmark-ext-anchorlink/0.34.30/flexmark-ext-anchorlink-0.34.30.jar:/Users/carlos.bautista/.m2/repository/com/vladsch/flexmark/flexmark-ext-aside/0.34.30/flexmark-ext-aside-0.34.30.jar:/Users/carlos.bautista/.m2/repository/com/vladsch/flexmark/flexmark-ext-attributes/0.34.30/flexmark-ext-attributes-0.34.30.jar:/Users/carlos.bautista/.m2/repository/com/vladsch/flexmark/flexmark-ext-autolink/0.34.30/flexmark-ext-autolink-0.34.30.jar:/Users/carlos.bautista/.m2/repository/org/nibor/autolink/autolink/0.6.0/autolink-0.6.0.jar:/Users/carlos.bautista/.m2/repository/com/vladsch/flexmark/flexmark-ext-definition/0.34.30/flexmark-ext-definition-0.34.30.jar:/Users/carlos.bautista/.m2/repository/com/vladsch/flexmark/flexmark-ext-emoji/0.34.30/flexmark-ext-emoji-0.34.30.jar:/Users/carlos.bautista/.m2/repository/com/vladsch/flexmark/flexmark-ext-enumerated-reference/0.34.30/flexmark-ext-enumerated-reference-0.34.30.jar:/Users/carlos.bautista/.m2/repository/com/vladsch/flexmark/flexmark-ext-escaped-character/0.34.30/flexmark-ext-escaped-character-0.34.30.jar:/Users/carlos.bautista/.m2/repository/com/vladsch/flexmark/flexmark-ext-footnotes/0.34.30/flexmark-ext-footnotes-0.34.30.jar:/Users/carlos.bautista/.m2/repository/com/vladsch/flexmark/flexmark-ext-gfm-issues/0.34.30/flexmark-ext-gfm-issues-0.34.30.jar:/Users/carlos.bautista/.m2/repository/com/vladsch/flexmark/flexmark-ext-gfm-strikethrough/0.34.30/flexmark-ext-gfm-strikethrough-0.34.30.jar:/Users/carlos.bautista/.m2/repository/com/vladsch/flexmark/flexmark-ext-gfm-tables/0.34.30/flexmark-ext-gfm-tables-0.34.30.jar:/Users/carlos.bautista/.m2/repository/com/vladsch/flexmark/flexmark-ext-gfm-tasklist/0.34.30/flexmark-ext-gfm-tasklist-0.34.30.jar:/Users/carlos.bautista/.m2/repository/com/vladsch/flexmark/flexmark-ext-gfm-users/0.34.30/flexmark-ext-gfm-users-0.34.30.jar:/Users/carlos.bautista/.m2/repository/com/vladsch/flexmark/flexmark-ext-gitlab/0.34.30/flexmark-ext-gitlab-0.34.30.jar:/Users/carlos.bautista/.m2/repository/com/vladsch/flexmark/flexmark-ext-jekyll-front-matter/0.34.30/flexmark-ext-jekyll-front-matter-0.34.30.jar:/Users/carlos.bautista/.m2/repository/com/vladsch/flexmark/flexmark-ext-jekyll-tag/0.34.30/flexmark-ext-jekyll-tag-0.34.30.jar:/Users/carlos.bautista/.m2/repository/com/vladsch/flexmark/flexmark-ext-media-tags/0.34.30/flexmark-ext-media-tags-0.34.30.jar:/Users/carlos.bautista/.m2/repository/com/vladsch/flexmark/flexmark-test-util/0.34.30/flexmark-test-util-0.34.30.jar:/Users/carlos.bautista/.m2/repository/com/vladsch/flexmark/flexmark-ext-ins/0.34.30/flexmark-ext-ins-0.34.30.jar:/Users/carlos.bautista/.m2/repository/com/vladsch/flexmark/flexmark-ext-xwiki-macros/0.34.30/flexmark-ext-xwiki-macros-0.34.30.jar:/Users/carlos.bautista/.m2/repository/com/vladsch/flexmark/flexmark-ext-superscript/0.34.30/flexmark-ext-superscript-0.34.30.jar:/Users/carlos.bautista/.m2/repository/com/vladsch/flexmark/flexmark-ext-tables/0.34.30/flexmark-ext-tables-0.34.30.jar:/Users/carlos.bautista/.m2/repository/com/vladsch/flexmark/flexmark-ext-toc/0.34.30/flexmark-ext-toc-0.34.30.jar:/Users/carlos.bautista/.m2/repository/com/vladsch/flexmark/flexmark-ext-typographic/0.34.30/flexmark-ext-typographic-0.34.30.jar:/Users/carlos.bautista/.m2/repository/com/vladsch/flexmark/flexmark-ext-wikilink/0.34.30/flexmark-ext-wikilink-0.34.30.jar:/Users/carlos.bautista/.m2/repository/com/vladsch/flexmark/flexmark-ext-yaml-front-matter/0.34.30/flexmark-ext-yaml-front-matter-0.34.30.jar:/Users/carlos.bautista/.m2/repository/com/vladsch/flexmark/flexmark-ext-youtube-embedded/0.34.30/flexmark-ext-youtube-embedded-0.34.30.jar:/Users/carlos.bautista/.m2/repository/com/vladsch/flexmark/flexmark-formatter/0.34.30/flexmark-formatter-0.34.30.jar:/Users/carlos.bautista/.m2/repository/com/vladsch/flexmark/flexmark-html-parser/0.34.30/flexmark-html-parser-0.34.30.jar:/Users/carlos.bautista/.m2/repository/com/vladsch/flexmark/flexmark-jira-converter/0.34.30/flexmark-jira-converter-0.34.30.jar:/Users/carlos.bautista/.m2/repository/com/vladsch/flexmark/flexmark-pdf-converter/0.34.30/flexmark-pdf-converter-0.34.30.jar:/Users/carlos.bautista/.m2/repository/com/openhtmltopdf/openhtmltopdf-core/0.0.1-RC13/openhtmltopdf-core-0.0.1-RC13.jar:/Users/carlos.bautista/.m2/repository/com/openhtmltopdf/openhtmltopdf-pdfbox/0.0.1-RC13/openhtmltopdf-pdfbox-0.0.1-RC13.jar:/Users/carlos.bautista/.m2/repository/org/apache/pdfbox/pdfbox/2.0.8/pdfbox-2.0.8.jar:/Users/carlos.bautista/.m2/repository/org/apache/pdfbox/fontbox/2.0.8/fontbox-2.0.8.jar:/Users/carlos.bautista/.m2/repository/org/apache/pdfbox/xmpbox/2.0.8/xmpbox-2.0.8.jar:/Users/carlos.bautista/.m2/repository/de/rototor/pdfbox/graphics2d/0.12/graphics2d-0.12.jar:/Users/carlos.bautista/.m2/repository/com/openhtmltopdf/openhtmltopdf-rtl-support/0.0.1-RC13/openhtmltopdf-rtl-support-0.0.1-RC13.jar:/Users/carlos.bautista/.m2/repository/com/ibm/icu/icu4j/59.1/icu4j-59.1.jar:/Users/carlos.bautista/.m2/repository/com/openhtmltopdf/openhtmltopdf-jsoup-dom-converter/0.0.1-RC13/openhtmltopdf-jsoup-dom-converter-0.0.1-RC13.jar:/Users/carlos.bautista/.m2/repository/com/vladsch/flexmark/flexmark-profile-pegdown/0.34.30/flexmark-profile-pegdown-0.34.30.jar:/Users/carlos.bautista/.m2/repository/com/vladsch/flexmark/flexmark-util/0.34.30/flexmark-util-0.34.30.jar:/Users/carlos.bautista/.m2/repository/com/vladsch/flexmark/flexmark-youtrack-converter/0.34.30/flexmark-youtrack-converter-0.34.30.jar:/Users/carlos.bautista/.m2/repository/es/nitaur/markdown/txtmark/0.16/txtmark-0.16.jar:/Users/carlos.bautista/.m2/repository/net/serenity-bdd/serenity-report-resources/3.0.5/serenity-report-resources-3.0.5.jar:/Users/carlos.bautista/.m2/repository/com/google/code/gson/gson/2.8.8/gson-2.8.8.jar:/Users/carlos.bautista/.m2/repository/com/fasterxml/jackson/core/jackson-core/2.12.4/jackson-core-2.12.4.jar:/Users/carlos.bautista/.m2/repository/com/fasterxml/jackson/core/jackson-databind/2.12.4/jackson-databind-2.12.4.jar:/Users/carlos.bautista/.m2/repository/com/fasterxml/jackson/core/jackson-annotations/2.12.4/jackson-annotations-2.12.4.jar:/Users/carlos.bautista/.m2/repository/commons-codec/commons-codec/1.15/commons-codec-1.15.jar:/Users/carlos.bautista/.m2/repository/commons-io/commons-io/2.8.0/commons-io-2.8.0.jar:/Users/carlos.bautista/.m2/repository/org/seleniumhq/selenium/selenium-server/3.141.59/selenium-server-3.141.59.jar:/Users/carlos.bautista/.m2/repository/org/seleniumhq/selenium/selenium-opera-driver/3.141.59/selenium-opera-driver-3.141.59.jar:/Users/carlos.bautista/.m2/repository/org/seleniumhq/selenium/selenium-remote-driver/3.141.59/selenium-remote-driver-3.141.59.jar:/Users/carlos.bautista/.m2/repository/org/seleniumhq/selenium/selenium-safari-driver/3.141.59/selenium-safari-driver-3.141.59.jar:/Users/carlos.bautista/.m2/repository/com/beust/jcommander/1.72/jcommander-1.72.jar:/Users/carlos.bautista/.m2/repository/org/apache/commons/commons-exec/1.3/commons-exec-1.3.jar:/Users/carlos.bautista/.m2/repository/net/jcip/jcip-annotations/1.0/jcip-annotations-1.0.jar:/Users/carlos.bautista/.m2/repository/org/seleniumhq/selenium/jetty-repacked/9.4.12.v20180830/jetty-repacked-9.4.12.v20180830.jar:/Users/carlos.bautista/.m2/repository/com/squareup/okhttp3/okhttp/3.11.0/okhttp-3.11.0.jar:/Users/carlos.bautista/.m2/repository/com/squareup/okio/okio/1.14.0/okio-1.14.0.jar:/Users/carlos.bautista/.m2/repository/javax/servlet/javax.servlet-api/3.1.0/javax.servlet-api-3.1.0.jar:/Users/carlos.bautista/.m2/repository/org/yaml/snakeyaml/1.19/snakeyaml-1.19.jar:/Users/carlos.bautista/.m2/repository/org/seleniumhq/selenium/selenium-java/3.141.59/selenium-java-3.141.59.jar:/Users/carlos.bautista/.m2/repository/org/seleniumhq/selenium/selenium-api/3.141.59/selenium-api-3.141.59.jar:/Users/carlos.bautista/.m2/repository/org/seleniumhq/selenium/selenium-support/3.141.59/selenium-support-3.141.59.jar:/Users/carlos.bautista/.m2/repository/org/seleniumhq/selenium/selenium-chrome-driver/3.141.59/selenium-chrome-driver-3.141.59.jar:/Users/carlos.bautista/.m2/repository/org/seleniumhq/selenium/selenium-firefox-driver/3.141.59/selenium-firefox-driver-3.141.59.jar:/Users/carlos.bautista/.m2/repository/org/seleniumhq/selenium/selenium-edge-driver/3.141.59/selenium-edge-driver-3.141.59.jar:/Users/carlos.bautista/.m2/repository/org/seleniumhq/selenium/selenium-ie-driver/3.141.59/selenium-ie-driver-3.141.59.jar:/Users/carlos.bautista/.m2/repository/net/sourceforge/htmlunit/htmlunit/2.47.1/htmlunit-2.47.1.jar:/Users/carlos.bautista/.m2/repository/xalan/xalan/2.7.2/xalan-2.7.2.jar:/Users/carlos.bautista/.m2/repository/xalan/serializer/2.7.2/serializer-2.7.2.jar:/Users/carlos.bautista/.m2/repository/net/sourceforge/htmlunit/htmlunit-core-js/2.47.0/htmlunit-core-js-2.47.0.jar:/Users/carlos.bautista/.m2/repository/net/sourceforge/htmlunit/neko-htmlunit/2.47.1/neko-htmlunit-2.47.1.jar:/Users/carlos.bautista/.m2/repository/xerces/xercesImpl/2.12.0/xercesImpl-2.12.0.jar:/Users/carlos.bautista/.m2/repository/xml-apis/xml-apis/1.4.01/xml-apis-1.4.01.jar:/Users/carlos.bautista/.m2/repository/net/sourceforge/htmlunit/htmlunit-cssparser/1.7.0/htmlunit-cssparser-1.7.0.jar:/Users/carlos.bautista/.m2/repository/org/brotli/dec/0.1.2/dec-0.1.2.jar:/Users/carlos.bautista/.m2/repository/com/shapesecurity/salvation2/3.0.0/salvation2-3.0.0.jar:/Users/carlos.bautista/.m2/repository/org/eclipse/jetty/websocket/websocket-client/9.4.36.v20210114/websocket-client-9.4.36.v20210114.jar:/Users/carlos.bautista/.m2/repository/org/eclipse/jetty/jetty-client/9.4.36.v20210114/jetty-client-9.4.36.v20210114.jar:/Users/carlos.bautista/.m2/repository/org/eclipse/jetty/jetty-http/9.4.36.v20210114/jetty-http-9.4.36.v20210114.jar:/Users/carlos.bautista/.m2/repository/org/eclipse/jetty/jetty-util/9.4.36.v20210114/jetty-util-9.4.36.v20210114.jar:/Users/carlos.bautista/.m2/repository/org/eclipse/jetty/jetty-io/9.4.36.v20210114/jetty-io-9.4.36.v20210114.jar:/Users/carlos.bautista/.m2/repository/org/eclipse/jetty/websocket/websocket-common/9.4.36.v20210114/websocket-common-9.4.36.v20210114.jar:/Users/carlos.bautista/.m2/repository/org/eclipse/jetty/websocket/websocket-api/9.4.36.v20210114/websocket-api-9.4.36.v20210114.jar:/Users/carlos.bautista/.m2/repository/org/projectlombok/lombok/1.18.20/lombok-1.18.20.jar:/Users/carlos.bautista/.m2/repository/org/seleniumhq/selenium/htmlunit-driver/2.47.1/htmlunit-driver-2.47.1.jar:/Users/carlos.bautista/.m2/repository/com/codeborne/phantomjsdriver/1.4.4/phantomjsdriver-1.4.4.jar:/Users/carlos.bautista/.m2/repository/io/appium/java-client/7.5.1/java-client-7.5.1.jar:/Users/carlos.bautista/.m2/repository/commons-validator/commons-validator/1.7/commons-validator-1.7.jar:/Users/carlos.bautista/.m2/repository/commons-digester/commons-digester/2.1/commons-digester-2.1.jar:/Users/carlos.bautista/.m2/repository/org/aspectj/aspectjweaver/1.9.6/aspectjweaver-1.9.6.jar:/Users/carlos.bautista/.m2/repository/net/sf/opencsv/opencsv/2.0/opencsv-2.0.jar:/Users/carlos.bautista/.m2/repository/commons-beanutils/commons-beanutils/1.9.4/commons-beanutils-1.9.4.jar:/Users/carlos.bautista/.m2/repository/org/apache/commons/commons-lang3/3.11/commons-lang3-3.11.jar:/Users/carlos.bautista/.m2/repository/commons-collections/commons-collections/3.2.2/commons-collections-3.2.2.jar:/Users/carlos.bautista/.m2/repository/org/fluentlenium/fluentlenium-core/0.10.2/fluentlenium-core-0.10.2.jar:/Users/carlos.bautista/.m2/repository/io/github/bonigarcia/webdrivermanager/4.4.1/webdrivermanager-4.4.1.jar:/Users/carlos.bautista/.m2/repository/org/apache/httpcomponents/client5/httpclient5/5.0.3/httpclient5-5.0.3.jar:/Users/carlos.bautista/.m2/repository/org/apache/httpcomponents/core5/httpcore5/5.0.2/httpcore5-5.0.2.jar:/Users/carlos.bautista/.m2/repository/org/apache/httpcomponents/core5/httpcore5-h2/5.0.2/httpcore5-h2-5.0.2.jar:/Users/carlos.bautista/.m2/repository/org/rauschig/jarchivelib/1.1.0/jarchivelib-1.1.0.jar:/Users/carlos.bautista/.m2/repository/org/apache/commons/commons-compress/1.20/commons-compress-1.20.jar:/Users/carlos.bautista/.m2/repository/com/jhlabs/filters/2.0.235/filters-2.0.235.jar:/Users/carlos.bautista/.m2/repository/com/paulhammant/ngwebdriver/1.1.5/ngwebdriver-1.1.5.jar:/Users/carlos.bautista/.m2/repository/joda-time/joda-time/2.8.2/joda-time-2.8.2.jar:/Users/carlos.bautista/.m2/repository/com/google/jimfs/jimfs/1.1/jimfs-1.1.jar:/Users/carlos.bautista/.m2/repository/org/mockito/mockito-core/3.3.3/mockito-core-3.3.3.jar:/Users/carlos.bautista/.m2/repository/javax/xml/bind/jaxb-api/2.3.1/jaxb-api-2.3.1.jar:/Users/carlos.bautista/.m2/repository/javax/activation/javax.activation-api/1.2.0/javax.activation-api-1.2.0.jar:/Users/carlos.bautista/.m2/repository/com/sun/xml/bind/jaxb-core/2.3.0.1/jaxb-core-2.3.0.1.jar:/Users/carlos.bautista/.m2/repository/com/sun/xml/bind/jaxb-impl/2.3.3/jaxb-impl-2.3.3.jar:/Users/carlos.bautista/.m2/repository/com/sun/activation/jakarta.activation/1.2.2/jakarta.activation-1.2.2.jar:/Users/carlos.bautista/.m2/repository/javax/activation/activation/1.1.1/activation-1.1.1.jar:/Users/carlos.bautista/.m2/repository/net/serenity-bdd/serenity-junit/3.0.5/serenity-junit-3.0.5.jar:/Users/carlos.bautista/.m2/repository/net/serenity-bdd/serenity-rest-assured/3.0.5/serenity-rest-assured-3.0.5.jar:/Users/carlos.bautista/.m2/repository/org/codehaus/groovy/groovy-json/3.0.9/groovy-json-3.0.9.jar:/Users/carlos.bautista/.m2/repository/org/opentest4j/opentest4j/1.2.0/opentest4j-1.2.0.jar:/Users/carlos.bautista/.m2/repository/net/serenity-bdd/serenity-screenplay/3.0.5/serenity-screenplay-3.0.5.jar:/Users/carlos.bautista/.m2/repository/net/serenity-bdd/serenity-screenplay-rest/3.0.5/serenity-screenplay-rest-3.0.5.jar:/Users/carlos.bautista/.m2/repository/net/serenity-bdd/serenity-cucumber6/2.4.51/serenity-cucumber6-2.4.51.jar:/Users/carlos.bautista/.m2/repository/net/serenity-bdd/serenity-screenplay-webdriver/2.4.51/serenity-screenplay-webdriver-2.4.51.jar:/Users/carlos.bautista/.m2/repository/io/cucumber/cucumber-java/6.10.4/cucumber-java-6.10.4.jar:/Users/carlos.bautista/.m2/repository/org/apiguardian/apiguardian-api/1.1.1/apiguardian-api-1.1.1.jar:/Users/carlos.bautista/.m2/repository/io/cucumber/cucumber-junit/6.10.4/cucumber-junit-6.10.4.jar:/Users/carlos.bautista/.m2/repository/io/cucumber/datatable-matchers/3.4.0/datatable-matchers-3.4.0.jar:/Users/carlos.bautista/.m2/repository/io/cucumber/datatable/3.4.0/datatable-3.4.0.jar:/Users/carlos.bautista/.m2/repository/commons-logging/commons-logging/1.2/commons-logging-1.2.jar:/Users/carlos.bautista/.m2/repository/org/apache/commons/commons-csv/1.5/commons-csv-1.5.jar:/Users/carlos.bautista/.m2/repository/io/rest-assured/rest-assured/4.3.2/rest-assured-4.3.2.jar:/Users/carlos.bautista/.m2/repository/org/apache/httpcomponents/httpclient/4.5.3/httpclient-4.5.3.jar:/Users/carlos.bautista/.m2/repository/org/apache/httpcomponents/httpcore/4.4.6/httpcore-4.4.6.jar:/Users/carlos.bautista/.m2/repository/org/apache/httpcomponents/httpmime/4.5.3/httpmime-4.5.3.jar:/Users/carlos.bautista/.m2/repository/org/ccil/cowan/tagsoup/tagsoup/1.2.1/tagsoup-1.2.1.jar:/Users/carlos.bautista/.m2/repository/io/rest-assured/json-path/4.3.3/json-path-4.3.3.jar:/Users/carlos.bautista/.m2/repository/io/rest-assured/rest-assured-common/4.3.3/rest-assured-common-4.3.3.jar:/Users/carlos.bautista/.m2/repository/io/rest-assured/xml-path/4.3.3/xml-path-4.3.3.jar:/Users/carlos.bautista/.m2/repository/jakarta/xml/bind/jakarta.xml.bind-api/2.3.3/jakarta.xml.bind-api-2.3.3.jar:/Users/carlos.bautista/.m2/repository/jakarta/activation/jakarta.activation-api/1.2.2/jakarta.activation-api-1.2.2.jar:/Users/carlos.bautista/.m2/repository/org/codehaus/groovy/groovy/3.0.6/groovy-3.0.6.jar:/Users/carlos.bautista/.m2/repository/org/codehaus/groovy/groovy-xml/3.0.6/groovy-xml-3.0.6.jar:/Users/carlos.bautista/.m2/repository/junit/junit/4.13.1/junit-4.13.1.jar:/Users/carlos.bautista/.m2/repository/org/hamcrest/hamcrest-core/1.3/hamcrest-core-1.3.jar:/Users/carlos.bautista/.m2/repository/org/assertj/assertj-core/3.6.2/assertj-core-3.6.2.jar:/Users/carlos.bautista/.m2/repository/org/hamcrest/hamcrest/2.2/hamcrest-2.2.jar:/Users/carlos.bautista/.m2/repository/com/googlecode/json-simple/json-simple/1.1.1/json-simple-1.1.1.jar:/Users/carlos.bautista/.m2/repository/org/apache/maven/surefire/surefire-junit47/3.0.0-M5/surefire-junit47-3.0.0-M5.jar:/Users/carlos.bautista/.m2/repository/org/apache/maven/surefire/common-java5/3.0.0-M5/common-java5-3.0.0-M5.jar:/Users/carlos.bautista/.m2/repository/org/apache/maven/surefire/common-junit3/3.0.0-M5/common-junit3-3.0.0-M5.jar:/Users/carlos.bautista/.m2/repository/org/apache/maven/surefire/common-junit4/3.0.0-M5/common-junit4-3.0.0-M5.jar:/Users/carlos.bautista/.m2/repository/org/apache/maven/surefire/common-junit48/3.0.0-M5/common-junit48-3.0.0-M5.jar:/Users/carlos.bautista/.m2/repository/org/apache/maven/surefire/surefire-grouper/3.0.0-M5/surefire-grouper-3.0.0-M5.jar"/>
    <property name="sun.management.compiler" value="HotSpot 64-Bit Tiered Compilers"/>
    <property name="ftp.nonProxyHosts" value="local|*.local|169.254/16|*.169.254/16"/>
    <property name="java.runtime.version" value="17.0.1+1"/>
    <property name="user.name" value="carlos.bautista"/>
    <property name="path.separator" value=":"/>
    <property name="os.version" value="11.6.1"/>
    <property name="java.runtime.name" value="OpenJDK Runtime Environment"/>
    <property name="file.encoding" value="UTF-8"/>
    <property name="webdriver.base.url" value=""/>
    <property name="java.vm.name" value="OpenJDK 64-Bit Server VM"/>
    <property name="java.vendor.version" value="Homebrew"/>
    <property name="localRepository" value="/Users/carlos.bautista/.m2/repository"/>
    <property name="java.vendor.url.bug" value="https://github.com/Homebrew/homebrew-core/issues"/>
    <property name="java.io.tmpdir" value="/var/folders/4w/cb2qsvq90cl8x5jfp4b60vgw0000gs/T/"/>
    <property name="java.version" value="17.0.1"/>
    <property name="user.dir" value="/Users/carlos.bautista/Documents/Disney/ESI-POC"/>
    <property name="os.arch" value="x86_64"/>
    <property name="java.vm.specification.name" value="Java Virtual Machine Specification"/>
    <property name="native.encoding" value="UTF-8"/>
    <property name="java.library.path" value="/Users/carlos.bautista/Library/Java/Extensions:/Library/Java/Extensions:/Network/Library/Java/Extensions:/System/Library/Java/Extensions:/usr/lib/java:."/>
    <property name="java.vm.info" value="mixed mode"/>
    <property name="java.vendor" value="Homebrew"/>
    <property name="java.vm.version" value="17.0.1+1"/>
    <property name="sun.io.unicode.encoding" value="UnicodeBig"/>
    <property name="socksNonProxyHosts" value="local|*.local|169.254/16|*.169.254/16"/>
    <property name="java.class.version" value="61.0"/>
  </properties>
  <testcase name="Testing an Endpoint - Get action using JSON resource" classname="POC Example - Get actions" time="0.396">
    <system-out><![CDATA[

11
 Scenarios (
&amp#27;[32m11 passed&amp#27;[0m
)

23
 Steps (
&amp#27;[32m23 passed&amp#27;[0m
)

0m
7.964s





18:39:42.465 [pool-2-thread-1] DEBUG net.thucydides.core.reports.ReportService - Reporting formats: [JSON, HTML]

18:39:42.530 [pool-2-thread-1] DEBUG net.thucydides.core.reports.ReportService - Reporting formats: [JSON, HTML]

18:39:42.543 [pool-2-thread-1] DEBUG net.thucydides.core.reports.ReportService - Generating reports for 7 test outcomes using: net.thucydides.core.reports.json.JSONTestOutcomeReporter@1ca51bab

18:39:42.544 [pool-2-thread-1] DEBUG net.thucydides.core.reports.ReportService - Processing test outcome POC Example - Put actions:Create a new user based on body request

18:39:42.544 [pool-2-thread-2] DEBUG net.thucydides.core.reports.ReportService - Processing test outcome POC Example - Put actions:Create a new user based on JSON file (resource)

18:39:42.544 [pool-2-thread-1] DEBUG net.thucydides.core.reports.ReportService - net.thucydides.core.reports.json.JSONTestOutcomeReporter@1ca51bab: Generating report for test outcome: POC Example - Put actions:Create a new user based on body request

18:39:42.544 [pool-2-thread-2] DEBUG net.thucydides.core.reports.ReportService - net.thucydides.core.reports.json.JSONTestOutcomeReporter@1ca51bab: Generating report for test outcome: POC Example - Put actions:Create a new user based on JSON file (resource)

18:39:42.544 [pool-2-thread-3] DEBUG net.thucydides.core.reports.ReportService - Processing test outcome POC Example - Get actions:Testing an Endpoint - Get action using JSON resource

18:39:42.544 [pool-2-thread-3] DEBUG net.thucydides.core.reports.ReportService - net.thucydides.core.reports.json.JSONTestOutcomeReporter@1ca51bab: Generating report for test outcome: POC Example - Get actions:Testing an Endpoint - Get action using JSON resource

18:39:42.544 [pool-2-thread-4] DEBUG net.thucydides.core.reports.ReportService - Processing test outcome POC Example - Get actions:Testing an Endpoint - Get action using string parameter

18:39:42.544 [pool-2-thread-4] DEBUG net.thucydides.core.reports.ReportService - net.thucydides.core.reports.json.JSONTestOutcomeReporter@1ca51bab: Generating report for test outcome: POC Example - Get actions:Testing an Endpoint - Get action using string parameter

18:39:42.545 [pool-2-thread-5] DEBUG net.thucydides.core.reports.ReportService - Processing test outcome POC Example - Get actions:Testing an Endpoint - Get action using string parameter by resource

18:39:42.545 [pool-2-thread-5] DEBUG net.thucydides.core.reports.ReportService - net.thucydides.core.reports.json.JSONTestOutcomeReporter@1ca51bab: Generating report for test outcome: POC Example - Get actions:Testing an Endpoint - Get action using string parameter by resource

18:39:42.545 [pool-2-thread-6] DEBUG net.thucydides.core.reports.ReportService - Processing test outcome POC Example - Get actions:Testing an Endpoint - Get action using example table

18:39:42.545 [pool-2-thread-6] DEBUG net.thucydides.core.reports.ReportService - net.thucydides.core.reports.json.JSONTestOutcomeReporter@1ca51bab: Generating report for test outcome: POC Example - Get actions:Testing an Endpoint - Get action using example table

18:39:42.545 [pool-2-thread-7] DEBUG net.thucydides.core.reports.ReportService - Processing test outcome POC Example - Get actions:Testing an Endpoint - Get action using example table with key

18:39:42.545 [pool-2-thread-7] DEBUG net.thucydides.core.reports.ReportService - net.thucydides.core.reports.json.JSONTestOutcomeReporter@1ca51bab: Generating report for test outcome: POC Example - Get actions:Testing an Endpoint - Get action using example table with key

18:39:42.556 [pool-2-thread-4] DEBUG net.thucydides.core.reports.json.JSONTestOutcomeReporter - Generating JSON report for Testing an Endpoint - Get action using string parameter to file /Users/carlos.bautista/Documents/Disney/ESI-POC/target/site/serenity/63bd63bf163c67d6b1cf7f5c1a6d92bbc1e120ed90ce45244ffec773d8bb9a34.json (using temp file /Users/carlos.bautista/Documents/Disney/ESI-POC/target/site/serenity/63bd63bf163c67d6b1cf7f5c1a6d92bbc1e120ed90ce45244ffec773d8bb9a34.json57a418b9-a717-49b9-9987-6ff0983665d7)

18:39:42.557 [pool-2-thread-6] DEBUG net.thucydides.core.reports.json.JSONTestOutcomeReporter - Generating JSON report for Testing an Endpoint - Get action using example table to file /Users/carlos.bautista/Documents/Disney/ESI-POC/target/site/serenity/dcf53dd971666d917712594bd34386814e325d29bd3a5a8e03b964fbb63531e0.json (using temp file /Users/carlos.bautista/Documents/Disney/ESI-POC/target/site/serenity/dcf53dd971666d917712594bd34386814e325d29bd3a5a8e03b964fbb63531e0.jsonca1011da-fa67-41c0-8b26-75f06bdb76a2)

18:39:42.557 [pool-2-thread-2] DEBUG net.thucydides.core.reports.json.JSONTestOutcomeReporter - Generating JSON report for Create a new user based on JSON file (resource) to file /Users/carlos.bautista/Documents/Disney/ESI-POC/target/site/serenity/16a874e4871b19a95300fff5390286e7c11510081e05d409d49aae5f55f50488.json (using temp file /Users/carlos.bautista/Documents/Disney/ESI-POC/target/site/serenity/16a874e4871b19a95300fff5390286e7c11510081e05d409d49aae5f55f50488.json702eb528-9eac-41f0-ae04-97bcaeca6c32)

18:39:42.556 [pool-2-thread-3] DEBUG net.thucydides.core.reports.json.JSONTestOutcomeReporter - Generating JSON report for Testing an Endpoint - Get action using JSON resource to file /Users/carlos.bautista/Documents/Disney/ESI-POC/target/site/serenity/880356e37ea0d7390dfc31a82e800a503328eab45cae8098d0251b466538a72b.json (using temp file /Users/carlos.bautista/Documents/Disney/ESI-POC/target/site/serenity/880356e37ea0d7390dfc31a82e800a503328eab45cae8098d0251b466538a72b.json95e0a743-c2bd-4ae7-9a3c-2cc5ffee6980)

18:39:42.557 [pool-2-thread-1] DEBUG net.thucydides.core.reports.json.JSONTestOutcomeReporter - Generating JSON report for Create a new user based on body request to file /Users/carlos.bautista/Documents/Disney/ESI-POC/target/site/serenity/0805d5a2408244c86b6ad2f18b5b25a0adf35b620f9e571d2db0ac7d0af98f16.json (using temp file /Users/carlos.bautista/Documents/Disney/ESI-POC/target/site/serenity/0805d5a2408244c86b6ad2f18b5b25a0adf35b620f9e571d2db0ac7d0af98f16.json5a582b16-a29b-4961-8c66-192c44d3360f)

18:39:42.557 [pool-2-thread-5] DEBUG net.thucydides.core.reports.json.JSONTestOutcomeReporter - Generating JSON report for Testing an Endpoint - Get action using string parameter by resource to file /Users/carlos.bautista/Documents/Disney/ESI-POC/target/site/serenity/de0c7d126eca73709d18d362526d6927438b025e099384521f0101aad1889da3.json (using temp file /Users/carlos.bautista/Documents/Disney/ESI-POC/target/site/serenity/de0c7d126eca73709d18d362526d6927438b025e099384521f0101aad1889da3.json9479a59f-dd03-443d-968f-39cd26fb5aff)

18:39:42.557 [pool-2-thread-7] DEBUG net.thucydides.core.reports.json.JSONTestOutcomeReporter - Generating JSON report for Testing an Endpoint - Get action using example table with key to file /Users/carlos.bautista/Documents/Disney/ESI-POC/target/site/serenity/4bd69fc19994716d5ccfcb666a1522e73d43b5829a4edaff33da9a9bbaa15c70.json (using temp file /Users/carlos.bautista/Documents/Disney/ESI-POC/target/site/serenity/4bd69fc19994716d5ccfcb666a1522e73d43b5829a4edaff33da9a9bbaa15c70.json8281bfa3-28f0-4e45-8e12-460e09ee0dd4)

18:39:42.608 [pool-2-thread-2] DEBUG net.thucydides.core.reports.ReportService - Processing test outcome POC Example - Put actions:Create a new user based on JSON file (resource) done

18:39:42.609 [pool-2-thread-1] DEBUG net.thucydides.core.reports.ReportService - Processing test outcome POC Example - Put actions:Create a new user based on body request done

18:39:42.610 [pool-2-thread-4] DEBUG net.thucydides.core.reports.ReportService - Processing test outcome POC Example - Get actions:Testing an Endpoint - Get action using string parameter done

18:39:42.612 [pool-2-thread-5] DEBUG net.thucydides.core.reports.ReportService - Processing test outcome POC Example - Get actions:Testing an Endpoint - Get action using string parameter by resource done

18:39:42.613 [pool-2-thread-3] DEBUG net.thucydides.core.reports.ReportService - Processing test outcome POC Example - Get actions:Testing an Endpoint - Get action using JSON resource done

18:39:42.617 [pool-2-thread-6] DEBUG net.thucydides.core.reports.ReportService - Processing test outcome POC Example - Get actions:Testing an Endpoint - Get action using example table done

18:39:42.617 [pool-2-thread-7] DEBUG net.thucydides.core.reports.ReportService - Processing test outcome POC Example - Get actions:Testing an Endpoint - Get action using example table with key done

18:39:42.618 [pool-2-thread-1] DEBUG net.thucydides.core.reports.ReportService - Shutting down executor service

18:39:42.618 [pool-2-thread-1] DEBUG net.thucydides.core.reports.ReportService - Reports generated in: 75 ms

18:39:42.618 [pool-2-thread-1] DEBUG net.thucydides.core.reports.ReportService - Generating reports for 7 test outcomes using: net.thucydides.core.reports.html.HtmlAcceptanceTestReporter@7991c353

18:39:42.618 [pool-3-thread-1] DEBUG net.thucydides.core.reports.ReportService - Processing test outcome POC Example - Put actions:Create a new user based on body request

18:39:42.618 [pool-3-thread-1] DEBUG net.thucydides.core.reports.ReportService - net.thucydides.core.reports.html.HtmlAcceptanceTestReporter@7991c353: Generating report for test outcome: POC Example - Put actions:Create a new user based on body request

18:39:42.618 [pool-3-thread-2] DEBUG net.thucydides.core.reports.ReportService - Processing test outcome POC Example - Put actions:Create a new user based on JSON file (resource)

18:39:42.618 [pool-3-thread-2] DEBUG net.thucydides.core.reports.ReportService - net.thucydides.core.reports.html.HtmlAcceptanceTestReporter@7991c353: Generating report for test outcome: POC Example - Put actions:Create a new user based on JSON file (resource)

18:39:42.619 [pool-3-thread-3] DEBUG net.thucydides.core.reports.ReportService - Processing test outcome POC Example - Get actions:Testing an Endpoint - Get action using JSON resource

18:39:42.619 [pool-3-thread-3] DEBUG net.thucydides.core.reports.ReportService - net.thucydides.core.reports.html.HtmlAcceptanceTestReporter@7991c353: Generating report for test outcome: POC Example - Get actions:Testing an Endpoint - Get action using JSON resource

18:39:42.619 [pool-3-thread-4] DEBUG net.thucydides.core.reports.ReportService - Processing test outcome POC Example - Get actions:Testing an Endpoint - Get action using string parameter

18:39:42.619 [pool-3-thread-4] DEBUG net.thucydides.core.reports.ReportService - net.thucydides.core.reports.html.HtmlAcceptanceTestReporter@7991c353: Generating report for test outcome: POC Example - Get actions:Testing an Endpoint - Get action using string parameter

18:39:42.619 [pool-3-thread-5] DEBUG net.thucydides.core.reports.ReportService - Processing test outcome POC Example - Get actions:Testing an Endpoint - Get action using string parameter by resource

18:39:42.619 [pool-3-thread-5] DEBUG net.thucydides.core.reports.ReportService - net.thucydides.core.reports.html.HtmlAcceptanceTestReporter@7991c353: Generating report for test outcome: POC Example - Get actions:Testing an Endpoint - Get action using string parameter by resource

18:39:42.619 [pool-3-thread-6] DEBUG net.thucydides.core.reports.ReportService - Processing test outcome POC Example - Get actions:Testing an Endpoint - Get action using example table

18:39:42.619 [pool-3-thread-6] DEBUG net.thucydides.core.reports.ReportService - net.thucydides.core.reports.html.HtmlAcceptanceTestReporter@7991c353: Generating report for test outcome: POC Example - Get actions:Testing an Endpoint - Get action using example table

18:39:42.619 [pool-3-thread-7] DEBUG net.thucydides.core.reports.ReportService - Processing test outcome POC Example - Get actions:Testing an Endpoint - Get action using example table with key

18:39:42.619 [pool-3-thread-7] DEBUG net.thucydides.core.reports.ReportService - net.thucydides.core.reports.html.HtmlAcceptanceTestReporter@7991c353: Generating report for test outcome: POC Example - Get actions:Testing an Endpoint - Get action using example table with key

18:39:42.664 [pool-3-thread-1] DEBUG net.thucydides.core.requirements.model.cucumber.CucumberParser - Added feature POC Example - Put actions

18:39:42.664 [pool-3-thread-7] DEBUG net.thucydides.core.requirements.model.cucumber.CucumberParser - Added feature POC Example - Put actions

18:39:42.664 [pool-3-thread-6] DEBUG net.thucydides.core.requirements.model.cucumber.CucumberParser - Added feature POC Example - Put actions

18:39:42.665 [pool-3-thread-4] DEBUG net.thucydides.core.requirements.model.cucumber.CucumberParser - Added feature POC Example - Put actions

18:39:42.665 [pool-3-thread-5] DEBUG net.thucydides.core.requirements.model.cucumber.CucumberParser - Added feature POC Example - Put actions

18:39:42.665 [pool-3-thread-2] DEBUG net.thucydides.core.requirements.model.cucumber.CucumberParser - Added feature POC Example - Put actions

18:39:42.665 [pool-3-thread-3] DEBUG net.thucydides.core.requirements.model.cucumber.CucumberParser - Added feature POC Example - Put actions

18:39:42.684 [pool-3-thread-4] DEBUG net.thucydides.core.requirements.model.cucumber.CucumberParser - Added feature POC Example - Get actions

18:39:42.684 [pool-3-thread-1] DEBUG net.thucydides.core.requirements.model.cucumber.CucumberParser - Added feature POC Example - Get actions

18:39:42.685 [pool-3-thread-5] DEBUG net.thucydides.core.requirements.model.cucumber.CucumberParser - Added feature POC Example - Get actions

18:39:42.685 [pool-3-thread-3] DEBUG net.thucydides.core.requirements.model.cucumber.CucumberParser - Added feature POC Example - Get actions

18:39:42.686 [pool-3-thread-6] DEBUG net.thucydides.core.requirements.model.cucumber.CucumberParser - Added feature POC Example - Get actions

18:39:42.687 [pool-3-thread-2] DEBUG net.thucydides.core.requirements.model.cucumber.CucumberParser - Added feature POC Example - Get actions

18:39:42.688 [pool-3-thread-7] DEBUG net.thucydides.core.requirements.model.cucumber.CucumberParser - Added feature POC Example - Get actions

18:39:53.865 [pool-3-thread-5] DEBUG serenity.reporting - Generating report in de0c7d126eca73709d18d362526d6927438b025e099384521f0101aad1889da3.html

18:39:53.865 [pool-3-thread-3] DEBUG serenity.reporting - Generating report in 880356e37ea0d7390dfc31a82e800a503328eab45cae8098d0251b466538a72b.html

18:39:53.865 [pool-3-thread-2] DEBUG serenity.reporting - Generating report in 16a874e4871b19a95300fff5390286e7c11510081e05d409d49aae5f55f50488.html

18:39:53.865 [pool-3-thread-1] DEBUG serenity.reporting - Generating report in 0805d5a2408244c86b6ad2f18b5b25a0adf35b620f9e571d2db0ac7d0af98f16.html

18:39:53.866 [pool-3-thread-7] DEBUG serenity.reporting - Generating report in 4bd69fc19994716d5ccfcb666a1522e73d43b5829a4edaff33da9a9bbaa15c70.html

18:39:53.866 [pool-3-thread-6] DEBUG serenity.reporting - Generating report in dcf53dd971666d917712594bd34386814e325d29bd3a5a8e03b964fbb63531e0.html

18:39:53.867 [pool-3-thread-4] DEBUG serenity.reporting - Generating report in 63bd63bf163c67d6b1cf7f5c1a6d92bbc1e120ed90ce45244ffec773d8bb9a34.html

18:39:54.196 [pool-3-thread-1] DEBUG net.thucydides.core.reports.ReportService - Processing test outcome POC Example - Put actions:Create a new user based on body request done

18:39:54.196 [pool-3-thread-2] DEBUG net.thucydides.core.reports.ReportService - Processing test outcome POC Example - Put actions:Create a new user based on JSON file (resource) done

18:39:54.212 [pool-3-thread-5] DEBUG net.thucydides.core.reports.ReportService - Processing test outcome POC Example - Get actions:Testing an Endpoint - Get action using string parameter by resource done

18:39:54.215 [pool-3-thread-4] DEBUG net.thucydides.core.reports.ReportService - Processing test outcome POC Example - Get actions:Testing an Endpoint - Get action using string parameter done

18:39:54.215 [pool-3-thread-3] DEBUG net.thucydides.core.reports.ReportService - Processing test outcome POC Example - Get actions:Testing an Endpoint - Get action using JSON resource done

18:39:54.259 [pool-3-thread-7] DEBUG net.thucydides.core.reports.ReportService - Processing test outcome POC Example - Get actions:Testing an Endpoint - Get action using example table with key done

18:39:54.259 [pool-3-thread-6] DEBUG net.thucydides.core.reports.ReportService - Processing test outcome POC Example - Get actions:Testing an Endpoint - Get action using example table done

18:39:54.259 [pool-2-thread-1] DEBUG net.thucydides.core.reports.ReportService - Shutting down executor service

18:39:54.259 [pool-2-thread-1] DEBUG net.thucydides.core.reports.ReportService - Reports generated in: 11641 ms

18:39:54.411 [pool-2-thread-1] INFO io.cucumber.core.plugin.SerenityReporter - Cleanup test resources for URI classpath:features/CreateSubscriber.feature

18:39:54.413 [pool-2-thread-1] INFO io.cucumber.core.plugin.SerenityReporter - Cleanup test resources for URI classpath:features/GetSubscribers.feature


Scenario: Testing an Endpoint - Get action using JSON resource &amp#27;[90m# features/GetSubscribers.feature:7&amp#27;[0m
18:39:39.370 [pool-2-thread-1] INFO io.cucumber.core.plugin.SerenityReporter - Running feature from classpath:features/GetSubscribers.feature
18:39:39.372 [pool-2-thread-1] INFO  - 
  _____   ___   ___   _____     ___   _____     _     ___   _____   ___   ___  
 |_   _| | __| / __| |_   _|   / __| |_   _|   /_\   | _ \ |_   _| | __| |   \ 
   | |   | _|  \__ \   | |     \__ \   | |    / _ \  |   /   | |   | _|  | |) |
   |_|   |___| |___/   |_|     |___/   |_|   /_/ \_\ |_|_\   |_|   |___| |___/ 

Testing an Endpoint - Get action using JSON resource(poc-example---get-actions;testing-an-endpoint---get-action-using-json-resource)
--------------------------------------------------------------------------------
18:39:39.387 [pool-2-thread-1] DEBUG net.thucydides.core.steps.StepInterceptor - STARTING STEP: SubscriptionSteps.iGetTheResponseFromTheEndpoint - I get the endpoint {string}
18:39:39.744 [pool-2-thread-1] DEBUG net.thucydides.core.steps.StepInterceptor - STEP DONE: I get the endpoint {string}
  &amp#27;[32mGiven &amp#27;[0m&amp#27;[32mI get the response from the endpoint&amp#27;[0m                   &amp#27;[90m# steps.SubscriptionSteps.iGetTheResponseFromTheEndpoint()&amp#27;[0m
  &amp#27;[32mThen &amp#27;[0m&amp#27;[32mI get the response code equals to &amp#27;[0m&amp#27;[32m&amp#27;[1m200&amp#27;[0m                   &amp#27;[90m# steps.SubscriptionSteps.iGetTheResponseCodeEqualsTo(int)&amp#27;[0m
18:39:39.749 [pool-2-thread-1] INFO  - 
  _____   ___   ___   _____     ___     _     ___   ___   ___   ___  
 |_   _| | __| / __| |_   _|   | _ \   /_\   / __| / __| | __| |   \ 
   | |   | _|  \__ \   | |     |  _/  / _ \  \__ \ \__ \ | _|  | |) |
   |_|   |___| |___/   |_|     |_|   /_/ \_\ |___/ |___/ |___| |___/ 

Testing an Endpoint - Get action using JSON resource
----------------------------------------------------------------------
]]></system-out>
  </testcase>
  <testcase name="Testing an Endpoint - Get action using string parameter" classname="POC Example - Get actions" time="0.366">
    <system-out><![CDATA[
Scenario: Testing an Endpoint - Get action using string parameter                                      &amp#27;[90m# features/GetSubscribers.feature:12&amp#27;[0m
18:39:39.753 [pool-2-thread-1] INFO io.cucumber.core.plugin.SerenityReporter - Running feature from classpath:features/GetSubscribers.feature
18:39:39.754 [pool-2-thread-1] INFO  - 
  _____   ___   ___   _____     ___   _____     _     ___   _____   ___   ___  
 |_   _| | __| / __| |_   _|   / __| |_   _|   /_\   | _ \ |_   _| | __| |   \ 
   | |   | _|  \__ \   | |     \__ \   | |    / _ \  |   /   | |   | _|  | |) |
   |_|   |___| |___/   |_|     |___/   |_|   /_/ \_\ |_|_\   |_|   |___| |___/ 

Testing an Endpoint - Get action using string parameter(poc-example---get-actions;testing-an-endpoint---get-action-using-string-parameter)
--------------------------------------------------------------------------------
18:39:39.766 [pool-2-thread-1] DEBUG net.thucydides.core.steps.StepInterceptor - STARTING STEP: SubscriptionSteps.iGetTheResponseFromTheEndpoint - I get the endpoint {string}
18:39:40.105 [pool-2-thread-1] DEBUG net.thucydides.core.steps.StepInterceptor - STEP DONE: I get the endpoint {string}
  &amp#27;[32mGiven &amp#27;[0m&amp#27;[32mI get the response from the endpoint &amp#27;[0m&amp#27;[32m&amp#27;[1m"https://61ef2acfd593d20017dbb33b.mockapi.io/api/v1/Data"&amp#27;[0m &amp#27;[90m# steps.SubscriptionSteps.iGetTheResponseFromTheEndpoint(java.lang.String)&amp#27;[0m
  &amp#27;[32mThen &amp#27;[0m&amp#27;[32mI get the response code equals to &amp#27;[0m&amp#27;[32m&amp#27;[1m200&amp#27;[0m                                                           &amp#27;[90m# steps.SubscriptionSteps.iGetTheResponseCodeEqualsTo(int)&amp#27;[0m
18:39:40.115 [pool-2-thread-1] INFO  - 
  _____   ___   ___   _____     ___     _     ___   ___   ___   ___  
 |_   _| | __| / __| |_   _|   | _ \   /_\   / __| / __| | __| |   \ 
   | |   | _|  \__ \   | |     |  _/  / _ \  \__ \ \__ \ | _|  | |) |
   |_|   |___| |___/   |_|     |_|   /_/ \_\ |___/ |___/ |___| |___/ 

Testing an Endpoint - Get action using string parameter
----------------------------------------------------------------------
]]></system-out>
  </testcase>
  <testcase name="Testing an Endpoint - Get action using string parameter by resource" classname="POC Example - Get actions" time="0.356">
    <system-out><![CDATA[
Scenario: Testing an Endpoint - Get action using string parameter by resource &amp#27;[90m# features/GetSubscribers.feature:17&amp#27;[0m
18:39:40.127 [pool-2-thread-1] INFO io.cucumber.core.plugin.SerenityReporter - Running feature from classpath:features/GetSubscribers.feature
18:39:40.138 [pool-2-thread-1] INFO  - 
  _____   ___   ___   _____     ___   _____     _     ___   _____   ___   ___  
 |_   _| | __| / __| |_   _|   / __| |_   _|   /_\   | _ \ |_   _| | __| |   \ 
   | |   | _|  \__ \   | |     \__ \   | |    / _ \  |   /   | |   | _|  | |) |
   |_|   |___| |___/   |_|     |___/   |_|   /_/ \_\ |_|_\   |_|   |___| |___/ 

Testing an Endpoint - Get action using string parameter by resource(poc-example---get-actions;testing-an-endpoint---get-action-using-string-parameter-by-resource)
--------------------------------------------------------------------------------
18:39:40.158 [pool-2-thread-1] DEBUG net.thucydides.core.steps.StepInterceptor - STARTING STEP: SubscriptionSteps.iGetEndpointByResource - I get the endpoint by resource {string}
18:39:40.468 [pool-2-thread-1] DEBUG net.thucydides.core.steps.StepInterceptor - STEP DONE: I get the endpoint by resource {string}
  &amp#27;[32mGiven &amp#27;[0m&amp#27;[32mI get the endpoint by resource &amp#27;[0m&amp#27;[32m&amp#27;[1m"my_endpoint"&amp#27;[0m                          &amp#27;[90m# steps.SubscriptionSteps.iGetEndpointByResource(java.lang.String)&amp#27;[0m
  &amp#27;[32mThen &amp#27;[0m&amp#27;[32mI get the response code equals to &amp#27;[0m&amp#27;[32m&amp#27;[1m200&amp#27;[0m                                  &amp#27;[90m# steps.SubscriptionSteps.iGetTheResponseCodeEqualsTo(int)&amp#27;[0m
18:39:40.471 [pool-2-thread-1] INFO  - 
  _____   ___   ___   _____     ___     _     ___   ___   ___   ___  
 |_   _| | __| / __| |_   _|   | _ \   /_\   / __| / __| | __| |   \ 
   | |   | _|  \__ \   | |     |  _/  / _ \  \__ \ \__ \ | _|  | |) |
   |_|   |___| |___/   |_|     |_|   /_/ \_\ |___/ |___/ |___| |___/ 

Testing an Endpoint - Get action using string parameter by resource
----------------------------------------------------------------------
]]></system-out>
  </testcase>
  <testcase name="Testing an Endpoint - Get action using example table #1" classname="POC Example - Get actions" time="0.326">
    <system-out><![CDATA[
Scenario Outline: Testing an Endpoint - Get action using example table                                 &amp#27;[90m# features/GetSubscribers.feature:28&amp#27;[0m
18:39:40.474 [pool-2-thread-1] INFO io.cucumber.core.plugin.SerenityReporter - Running feature from classpath:features/GetSubscribers.feature
18:39:40.480 [pool-2-thread-1] INFO  - 
  _____   ___   ___   _____     ___   _____     _     ___   _____   ___   ___  
 |_   _| | __| / __| |_   _|   / __| |_   _|   /_\   | _ \ |_   _| | __| |   \ 
   | |   | _|  \__ \   | |     \__ \   | |    / _ \  |   /   | |   | _|  | |) |
   |_|   |___| |___/   |_|     |___/   |_|   /_/ \_\ |_|_\   |_|   |___| |___/ 

Testing an Endpoint - Get action using example table(poc-example---get-actions;testing-an-endpoint---get-action-using-example-table)
--------------------------------------------------------------------------------
18:39:40.491 [pool-2-thread-1] DEBUG net.thucydides.core.steps.StepInterceptor - STARTING STEP: SubscriptionSteps.iGetTheResponseFromTheEndpoint - I get the endpoint {string}
18:39:40.793 [pool-2-thread-1] DEBUG net.thucydides.core.steps.StepInterceptor - STEP DONE: I get the endpoint {string}
  &amp#27;[32mGiven &amp#27;[0m&amp#27;[32mI get the response from the endpoint &amp#27;[0m&amp#27;[32m&amp#27;[1m"https://61ef2acfd593d20017dbb33b.mockapi.io/api/v1/Data"&amp#27;[0m &amp#27;[90m# steps.SubscriptionSteps.iGetTheResponseFromTheEndpoint(java.lang.String)&amp#27;[0m
  &amp#27;[32mThen &amp#27;[0m&amp#27;[32mI get the response code equals to &amp#27;[0m&amp#27;[32m&amp#27;[1m200&amp#27;[0m                                                           &amp#27;[90m# steps.SubscriptionSteps.iGetTheResponseCodeEqualsTo(int)&amp#27;[0m
18:39:40.798 [pool-2-thread-1] INFO  - 
  _____   ___   ___   _____     ___     _     ___   ___   ___   ___  
 |_   _| | __| / __| |_   _|   | _ \   /_\   / __| / __| | __| |   \ 
   | |   | _|  \__ \   | |     |  _/  / _ \  \__ \ \__ \ | _|  | |) |
   |_|   |___| |___/   |_|     |_|   /_/ \_\ |___/ |___/ |___| |___/ 

Testing an Endpoint - Get action using example table
----------------------------------------------------------------------
]]></system-out>
  </testcase>
  <testcase name="Testing an Endpoint - Get action using example table #2" classname="POC Example - Get actions" time="0.306">
    <system-out><![CDATA[
Scenario Outline: Testing an Endpoint - Get action using example table                                 &amp#27;[90m# features/GetSubscribers.feature:29&amp#27;[0m
18:39:40.800 [pool-2-thread-1] INFO io.cucumber.core.plugin.SerenityReporter - Running feature from classpath:features/GetSubscribers.feature
18:39:40.804 [pool-2-thread-1] DEBUG net.thucydides.core.steps.StepInterceptor - STARTING STEP: SubscriptionSteps.iGetTheResponseFromTheEndpoint - I get the endpoint {string}
18:39:41.099 [pool-2-thread-1] DEBUG net.thucydides.core.steps.StepInterceptor - STEP DONE: I get the endpoint {string}
  &amp#27;[32mGiven &amp#27;[0m&amp#27;[32mI get the response from the endpoint &amp#27;[0m&amp#27;[32m&amp#27;[1m"https://61ef2acfd593d20017dbb33b.mockapi.io/api/v1/Data"&amp#27;[0m &amp#27;[90m# steps.SubscriptionSteps.iGetTheResponseFromTheEndpoint(java.lang.String)&amp#27;[0m
  &amp#27;[32mThen &amp#27;[0m&amp#27;[32mI get the response code equals to &amp#27;[0m&amp#27;[32m&amp#27;[1m200&amp#27;[0m                                                           &amp#27;[90m# steps.SubscriptionSteps.iGetTheResponseCodeEqualsTo(int)&amp#27;[0m
18:39:41.103 [pool-2-thread-1] INFO  - 
  _____   ___   ___   _____     ___     _     ___   ___   ___   ___  
 |_   _| | __| / __| |_   _|   | _ \   /_\   / __| / __| | __| |   \ 
   | |   | _|  \__ \   | |     |  _/  / _ \  \__ \ \__ \ | _|  | |) |
   |_|   |___| |___/   |_|     |_|   /_/ \_\ |___/ |___/ |___| |___/ 

Testing an Endpoint - Get action using example table
----------------------------------------------------------------------
]]></system-out>
  </testcase>
  <testcase name="Testing an Endpoint - Get action using example table #3" classname="POC Example - Get actions" time="0.315">
    <system-out><![CDATA[
Scenario Outline: Testing an Endpoint - Get action using example table                                 &amp#27;[90m# features/GetSubscribers.feature:30&amp#27;[0m
18:39:41.105 [pool-2-thread-1] INFO io.cucumber.core.plugin.SerenityReporter - Running feature from classpath:features/GetSubscribers.feature
18:39:41.110 [pool-2-thread-1] DEBUG net.thucydides.core.steps.StepInterceptor - STARTING STEP: SubscriptionSteps.iGetTheResponseFromTheEndpoint - I get the endpoint {string}
18:39:41.413 [pool-2-thread-1] DEBUG net.thucydides.core.steps.StepInterceptor - STEP DONE: I get the endpoint {string}
  &amp#27;[32mGiven &amp#27;[0m&amp#27;[32mI get the response from the endpoint &amp#27;[0m&amp#27;[32m&amp#27;[1m"https://61ef2acfd593d20017dbb33b.mockapi.io/api/v1/Data"&amp#27;[0m &amp#27;[90m# steps.SubscriptionSteps.iGetTheResponseFromTheEndpoint(java.lang.String)&amp#27;[0m
  &amp#27;[32mThen &amp#27;[0m&amp#27;[32mI get the response code equals to &amp#27;[0m&amp#27;[32m&amp#27;[1m200&amp#27;[0m                                                           &amp#27;[90m# steps.SubscriptionSteps.iGetTheResponseCodeEqualsTo(int)&amp#27;[0m
]]></system-out>
  </testcase>
  <testcase name="Testing an Endpoint - Get action using example table with key #1" classname="POC Example - Get actions" time="0.315">
    <system-out><![CDATA[
Scenario Outline: Testing an Endpoint - Get action using example table with key &amp#27;[90m# features/GetSubscribers.feature:40&amp#27;[0m
18:39:41.421 [pool-2-thread-1] INFO io.cucumber.core.plugin.SerenityReporter - Running feature from classpath:features/GetSubscribers.feature
18:39:41.422 [pool-2-thread-1] INFO  - 
  _____   ___   ___   _____     ___   _____     _     ___   _____   ___   ___  
 |_   _| | __| / __| |_   _|   / __| |_   _|   /_\   | _ \ |_   _| | __| |   \ 
   | |   | _|  \__ \   | |     \__ \   | |    / _ \  |   /   | |   | _|  | |) |
   |_|   |___| |___/   |_|     |___/   |_|   /_/ \_\ |_|_\   |_|   |___| |___/ 

Testing an Endpoint - Get action using example table with key(poc-example---get-actions;testing-an-endpoint---get-action-using-example-table-with-key)
--------------------------------------------------------------------------------
18:39:41.429 [pool-2-thread-1] DEBUG net.thucydides.core.steps.StepInterceptor - STARTING STEP: SubscriptionSteps.iGetTheResponseFromTheEndpointWithKey - I get the endpoint {string}
18:39:41.726 [pool-2-thread-1] DEBUG net.thucydides.core.steps.StepInterceptor - STEP DONE: I get the endpoint {string}
  &amp#27;[32mGiven &amp#27;[0m&amp#27;[32mI get the response from the endpoint file with key &amp#27;[0m&amp#27;[32m&amp#27;[1m"my_endpoint"&amp#27;[0m        &amp#27;[90m# steps.SubscriptionSteps.iGetTheResponseFromTheEndpointWithKey(java.lang.String)&amp#27;[0m
  &amp#27;[32mThen &amp#27;[0m&amp#27;[32mI get the response code equals to &amp#27;[0m&amp#27;[32m&amp#27;[1m200&amp#27;[0m                                    &amp#27;[90m# steps.SubscriptionSteps.iGetTheResponseCodeEqualsTo(int)&amp#27;[0m
18:39:41.733 [pool-2-thread-1] INFO  - 
  _____   ___   ___   _____     ___     _     ___   ___   ___   ___  
 |_   _| | __| / __| |_   _|   | _ \   /_\   / __| / __| | __| |   \ 
   | |   | _|  \__ \   | |     |  _/  / _ \  \__ \ \__ \ | _|  | |) |
   |_|   |___| |___/   |_|     |_|   /_/ \_\ |___/ |___/ |___| |___/ 

Testing an Endpoint - Get action using example table with key
----------------------------------------------------------------------
]]></system-out>
  </testcase>
  <testcase name="Testing an Endpoint - Get action using example table with key #2" classname="POC Example - Get actions" time="0.366">
    <system-out><![CDATA[
Scenario Outline: Testing an Endpoint - Get action using example table with key &amp#27;[90m# features/GetSubscribers.feature:41&amp#27;[0m
18:39:41.737 [pool-2-thread-1] INFO io.cucumber.core.plugin.SerenityReporter - Running feature from classpath:features/GetSubscribers.feature
18:39:41.758 [pool-2-thread-1] DEBUG net.thucydides.core.steps.StepInterceptor - STARTING STEP: SubscriptionSteps.iGetTheResponseFromTheEndpointWithKey - I get the endpoint {string}
18:39:42.088 [pool-2-thread-1] DEBUG net.thucydides.core.steps.StepInterceptor - STEP DONE: I get the endpoint {string}
  &amp#27;[32mGiven &amp#27;[0m&amp#27;[32mI get the response from the endpoint file with key &amp#27;[0m&amp#27;[32m&amp#27;[1m"my_endpoint2"&amp#27;[0m       &amp#27;[90m# steps.SubscriptionSteps.iGetTheResponseFromTheEndpointWithKey(java.lang.String)&amp#27;[0m
  &amp#27;[32mThen &amp#27;[0m&amp#27;[32mI get the response code equals to &amp#27;[0m&amp#27;[32m&amp#27;[1m200&amp#27;[0m                                    &amp#27;[90m# steps.SubscriptionSteps.iGetTheResponseCodeEqualsTo(int)&amp#27;[0m
18:39:42.099 [pool-2-thread-1] INFO  - 
  _____   ___   ___   _____     ___     _     ___   ___   ___   ___  
 |_   _| | __| / __| |_   _|   | _ \   /_\   / __| / __| | __| |   \ 
   | |   | _|  \__ \   | |     |  _/  / _ \  \__ \ \__ \ | _|  | |) |
   |_|   |___| |___/   |_|     |_|   /_/ \_\ |___/ |___/ |___| |___/ 

Testing an Endpoint - Get action using example table with key
----------------------------------------------------------------------
]]></system-out>
  </testcase>
  <testcase name="Testing an Endpoint - Get action using example table with key #3" classname="POC Example - Get actions" time="0.36">
    <system-out><![CDATA[
Scenario Outline: Testing an Endpoint - Get action using example table with key &amp#27;[90m# features/GetSubscribers.feature:42&amp#27;[0m
18:39:42.103 [pool-2-thread-1] INFO io.cucumber.core.plugin.SerenityReporter - Running feature from classpath:features/GetSubscribers.feature
18:39:42.158 [pool-2-thread-1] DEBUG net.thucydides.core.steps.StepInterceptor - STARTING STEP: SubscriptionSteps.iGetTheResponseFromTheEndpointWithKey - I get the endpoint {string}
18:39:42.455 [pool-2-thread-1] DEBUG net.thucydides.core.steps.StepInterceptor - STEP DONE: I get the endpoint {string}
  &amp#27;[32mGiven &amp#27;[0m&amp#27;[32mI get the response from the endpoint file with key &amp#27;[0m&amp#27;[32m&amp#27;[1m"my_endpoint3"&amp#27;[0m       &amp#27;[90m# steps.SubscriptionSteps.iGetTheResponseFromTheEndpointWithKey(java.lang.String)&amp#27;[0m
  &amp#27;[32mThen &amp#27;[0m&amp#27;[32mI get the response code equals to &amp#27;[0m&amp#27;[32m&amp#27;[1m200&amp#27;[0m                                    &amp#27;[90m# steps.SubscriptionSteps.iGetTheResponseCodeEqualsTo(int)&amp#27;[0m
]]></system-out>
  </testcase>
</testsuite>